::1 - - [31/May/2018:21:12:54 -0500] "GET / HTTP/1.1" 200 86480
::1 - - [31/May/2018:21:12:55 -0500] "GET /index.php?=PHPE9568F34-D428-11d2-A769-00AA001ACF42 HTTP/1.1" 200 2524
::1 - - [31/May/2018:21:12:55 -0500] "GET /index.php?=PHPE9568F35-D428-11d2-A769-00AA001ACF42 HTTP/1.1" 200 2146
::1 - - [31/May/2018:21:12:58 -0500] "GET /favicon.ico HTTP/1.1" 404 209
::1 - - [31/May/2018:21:12:54 -0500] "GET /phpmyadmin/ HTTP/1.1" 200 7997
::1 - - [31/May/2018:21:12:58 -0500] "GET /phpmyadmin/phpmyadmin.css.php?server=1&token=f4915e8108ff9e2ca0dd9c8e39ed822d&nocache=4125195912ltr HTTP/1.1" 200 88608
::1 - - [31/May/2018:21:12:58 -0500] "GET /phpmyadmin/js/messages.php?lang=es&db=&server=0&token=0e7def5a4cf34f093cef704297710333 HTTP/1.1" 200 18333
::1 - - [31/May/2018:21:13:17 -0500] "GET /ComedorUniversitarioFINAL HTTP/1.1" 301 256
::1 - - [31/May/2018:21:13:17 -0500] "GET /ComedorUniversitarioFINAL/ HTTP/1.1" 500 1357
::1 - - [31/May/2018:21:17:27 -0500] "GET /ComedorUniversitarioFINAL/ HTTP/1.1" 500 1357
::1 - - [31/May/2018:21:19:11 -0500] "POST /phpmyadmin/index.php HTTP/1.1" 302 -
::1 - - [31/May/2018:21:19:11 -0500] "GET /phpmyadmin/index.php?token=f4915e8108ff9e2ca0dd9c8e39ed822d HTTP/1.1" 200 8138
::1 - - [31/May/2018:21:19:11 -0500] "GET /phpmyadmin/js/get_scripts.js.php?scripts[]=jquery/jquery-1.8.3.js&scripts[]=ajax.js&scripts[]=keyhandler.js&scripts[]=jquery/jquery-ui-1.9.2.custom.js&scripts[]=jquery/jquery.sprintf.js&scripts[]=jquery/jquery.cookie.js&scripts[]=jquery/jquery.mousewheel.js&scripts[]=jquery/jquery.event.drag-2.2.js&scripts[]=jquery/jquery-ui-timepicker-addon.js&scripts[]=jquery/jquery.ba-hashchange-1.3.js&scripts[]=jquery/jquery.debounce-1.0.5.js&scripts[]=jquery/jquery.menuResizer-1.0.js&scripts[]=rte.js&scripts[]=functions.js&scripts[]=navigation.js&scripts[]=indexes.js&scripts[]=common.js&scripts[]=codemirror/lib/codemirror.js&scripts[]=codemirror/mode/mysql/mysql.js HTTP/1.1" 200 578562
::1 - - [31/May/2018:21:19:11 -0500] "GET /phpmyadmin/js/messages.php?lang=es&db=&server=0&token=f4915e8108ff9e2ca0dd9c8e39ed822d HTTP/1.1" 200 18333
::1 - - [31/May/2018:21:19:21 -0500] "POST /phpmyadmin/index.php HTTP/1.1" 302 -
::1 - - [31/May/2018:21:19:21 -0500] "GET /phpmyadmin/index.php?token=f4915e8108ff9e2ca0dd9c8e39ed822d HTTP/1.1" 200 48303
::1 - - [31/May/2018:21:19:21 -0500] "GET /phpmyadmin/phpmyadmin.css.php?server=1&token=f4915e8108ff9e2ca0dd9c8e39ed822d&nocache=5653015473ltr HTTP/1.1" 200 88608
::1 - - [31/May/2018:21:19:21 -0500] "GET /phpmyadmin/version_check.php?&_nocache=1527819561691177625 HTTP/1.1" 200 39
::1 - - [31/May/2018:21:19:28 -0500] "GET /phpmyadmin/server_databases.php?db=&token=f4915e8108ff9e2ca0dd9c8e39ed822d&ajax_request=true&ajax_page_request=true&menuHashes=82de86df&_nocache=152781956805159101 HTTP/1.1" 200 40759
::1 - - [31/May/2018:21:19:28 -0500] "GET /phpmyadmin/js/get_scripts.js.php?scripts[]=server_databases.js HTTP/1.1" 200 1818
::1 - - [31/May/2018:21:19:38 -0500] "POST /phpmyadmin/db_create.php HTTP/1.1" 200 2407
::1 - - [31/May/2018:21:19:38 -0500] "POST /phpmyadmin/navigation.php?ajax_request=1&token=f4915e8108ff9e2ca0dd9c8e39ed822d HTTP/1.1" 200 1906
::1 - - [31/May/2018:21:19:41 -0500] "GET /phpmyadmin/db_structure.php?server=1&db=ejemplos&token=f4915e8108ff9e2ca0dd9c8e39ed822d&ajax_request=true&ajax_page_request=true&menuHashes=82de86df-f7efb62a&_nocache=1527819581564810027 HTTP/1.1" 200 5657
::1 - - [31/May/2018:21:19:41 -0500] "GET /phpmyadmin/js/get_scripts.js.php?scripts[]=db_structure.js&scripts[]=tbl_change.js HTTP/1.1" 200 12382
::1 - - [31/May/2018:21:19:43 -0500] "GET /phpmyadmin/db_structure.php?server=1&db=ejemplos&token=f4915e8108ff9e2ca0dd9c8e39ed822d&ajax_request=true&ajax_page_request=true&menuHashes=82de86df-f7efb62a-0e8c8da2&_nocache=1527819583788848252 HTTP/1.1" 200 2483
::1 - - [31/May/2018:21:19:45 -0500] "GET /phpmyadmin/db_sql.php?db=ejemplos&token=f4915e8108ff9e2ca0dd9c8e39ed822d&db_query_force=1&ajax_request=true&ajax_page_request=true&menuHashes=82de86df-f7efb62a-0e8c8da2&_nocache=1527819585369269781 HTTP/1.1" 200 7201
::1 - - [31/May/2018:21:19:45 -0500] "GET /phpmyadmin/js/get_scripts.js.php?scripts[]=makegrid.js&scripts[]=sql.js HTTP/1.1" 200 35099
::1 - - [31/May/2018:21:20:01 -0500] "POST /phpmyadmin/import.php HTTP/1.1" 200 18053
::1 - - [31/May/2018:21:20:10 -0500] "GET /phpmyadmin/db_structure.php?server=1&db=ejemplos&token=f4915e8108ff9e2ca0dd9c8e39ed822d HTTP/1.1" 200 30829
::1 - - [31/May/2018:21:20:10 -0500] "GET /phpmyadmin/js/get_scripts.js.php?scripts[]=jquery/jquery-1.8.3.js&scripts[]=ajax.js&scripts[]=keyhandler.js&scripts[]=jquery/jquery-ui-1.9.2.custom.js&scripts[]=jquery/jquery.sprintf.js&scripts[]=jquery/jquery.cookie.js&scripts[]=jquery/jquery.mousewheel.js&scripts[]=jquery/jquery.event.drag-2.2.js&scripts[]=jquery/jquery-ui-timepicker-addon.js&scripts[]=jquery/jquery.ba-hashchange-1.3.js&scripts[]=jquery/jquery.debounce-1.0.5.js&scripts[]=jquery/jquery.menuResizer-1.0.js&scripts[]=rte.js&scripts[]=functions.js&scripts[]=navigation.js&scripts[]=indexes.js&scripts[]=common.js&scripts[]=db_structure.js&scripts[]=tbl_change.js&scripts[]=codemirror/lib/codemirror.js&scripts[]=codemirror/mode/mysql/mysql.js HTTP/1.1" 200 590944
::1 - - [31/May/2018:21:20:10 -0500] "GET /phpmyadmin/js/messages.php?lang=es&db=ejemplos&token=f4915e8108ff9e2ca0dd9c8e39ed822d HTTP/1.1" 200 18333
::1 - - [31/May/2018:21:20:20 -0500] "GET /ComedorUniversitarioFINAL/ HTTP/1.1" 200 2367
::1 - - [31/May/2018:21:20:21 -0500] "GET /ComedorUniversitarioFINAL/css/bootstrap.css HTTP/1.1" 200 127306
::1 - - [31/May/2018:21:20:21 -0500] "GET /ComedorUniversitarioFINAL/css/Estilo.css HTTP/1.1" 200 1470
::1 - - [31/May/2018:21:20:21 -0500] "GET /ComedorUniversitarioFINAL/css/Tablas.css HTTP/1.1" 200 3613
::1 - - [31/May/2018:21:20:21 -0500] "GET /ComedorUniversitarioFINAL/js/jquery.js HTTP/1.1" 200 95785
::1 - - [31/May/2018:21:20:21 -0500] "GET /ComedorUniversitarioFINAL/js/bootstrap.min.js HTTP/1.1" 200 31819
::1 - - [31/May/2018:21:20:21 -0500] "GET /ComedorUniversitarioFINAL/js/jquery.dataTables.js HTTP/1.1" 200 428387
::1 - - [31/May/2018:21:20:21 -0500] "GET /ComedorUniversitarioFINAL/imagenes/Logophp.png HTTP/1.1" 200 17575
::1 - - [31/May/2018:21:20:26 -0500] "GET /ComedorUniversitarioFINAL/index.php/login/CerrarSesion HTTP/1.1" 200 2945
::1 - - [31/May/2018:21:20:33 -0500] "GET /ComedorUniversitarioFINAL/index.php/login/CerrarSesion HTTP/1.1" 200 -
::1 - - [31/May/2018:21:20:45 -0500] "GET /ComedorUniversitarioFINAL/ HTTP/1.1" 200 2945
::1 - - [31/May/2018:21:20:55 -0500] "POST /ComedorUniversitarioFINAL/index.php/login/ValidarAcceso HTTP/1.1" 302 -
::1 - - [31/May/2018:21:20:56 -0500] "GET /ComedorUniversitarioFINAL/index.php HTTP/1.1" 200 2498
::1 - - [31/May/2018:22:32:10 -0500] "GET /ComedorUniversitarioFINAL/index.php/comesales/nuevo HTTP/1.1" 200 4186
::1 - - [31/May/2018:22:32:39 -0500] "POST /ComedorUniversitarioFINAL/index.php/comesales/nuevo HTTP/1.1" 302 -
::1 - - [31/May/2018:22:32:39 -0500] "GET /ComedorUniversitarioFINAL/index.php/comesales?save=true HTTP/1.1" 200 4773
::1 - - [31/May/2018:22:32:40 -0500] "GET /ComedorUniversitarioFINAL/css/images/sort_both.png HTTP/1.1" 200 1185
::1 - - [31/May/2018:22:32:40 -0500] "GET /ComedorUniversitarioFINAL/css/images/sort_asc.png HTTP/1.1" 200 1131
::1 - - [31/May/2018:22:33:58 -0500] "GET /ComedorUniversitarioFINAL/index.php/comesales/editar/6/ HTTP/1.1" 200 4251
::1 - - [31/May/2018:22:34:13 -0500] "POST /ComedorUniversitarioFINAL/index.php/comesales/editar/6 HTTP/1.1" 302 -
::1 - - [31/May/2018:22:34:13 -0500] "GET /ComedorUniversitarioFINAL/index.php/comesales?update=true HTTP/1.1" 200 4779
::1 - - [31/May/2018:22:36:45 -0500] "GET /ComedorUniversitarioFINAL/index.php HTTP/1.1" 200 2498
::1 - - [31/May/2018:22:36:46 -0500] "GET /ComedorUniversitarioFINAL/index.php/usuarios HTTP/1.1" 200 5706
::1 - - [31/May/2018:22:36:47 -0500] "GET /ComedorUniversitarioFINAL/index.php/comesales/nuevo HTTP/1.1" 200 4186
::1 - - [31/May/2018:22:36:51 -0500] "GET /ComedorUniversitarioFINAL/index.php/control/nuevo HTTP/1.1" 200 4260
::1 - - [31/May/2018:22:36:54 -0500] "GET /ComedorUniversitarioFINAL/index.php/comesales/nuevo HTTP/1.1" 200 4186
::1 - - [31/May/2018:22:36:55 -0500] "GET /ComedorUniversitarioFINAL/index.php/usuarios/nuevo HTTP/1.1" 200 4099
::1 - - [31/May/2018:22:37:08 -0500] "GET /ComedorUniversitarioFINAL/index.php/comesales HTTP/1.1" 200 4685
::1 - - [31/May/2018:22:37:13 -0500] "GET /ComedorUniversitarioFINAL/index.php/comesales/nuevo HTTP/1.1" 200 4186
::1 - - [31/May/2018:22:37:16 -0500] "GET /ComedorUniversitarioFINAL/index.php/control/nuevo HTTP/1.1" 200 4260
::1 - - [31/May/2018:22:44:30 -0500] "GET /ComedorUniversitarioFINAL/index.php/comesales HTTP/1.1" 200 4685
::1 - - [31/May/2018:22:44:33 -0500] "GET /ComedorUniversitarioFINAL/index.php/comesales HTTP/1.1" 200 4685
::1 - - [31/May/2018:22:44:34 -0500] "GET /ComedorUniversitarioFINAL/index.php/comesales HTTP/1.1" 200 4685
::1 - - [31/May/2018:22:48:54 -0500] "GET /ComedorUniversitarioFINAL/index.php/atenciones HTTP/1.1" 200 188
::1 - - [31/May/2018:22:50:22 -0500] "GET /phpmyadmin/db_structure.php?server=1&db=bdcomedor&token=f4915e8108ff9e2ca0dd9c8e39ed822d&ajax_request=true&ajax_page_request=true&menuHashes=82de86df-f7efb62a-0e8c8da2-c0766b67&_nocache=1527825022780424231 HTTP/1.1" 200 342
::1 - - [31/May/2018:22:50:24 -0500] "GET /phpmyadmin/db_structure.php?server=1&db=ejemplos&token=f4915e8108ff9e2ca0dd9c8e39ed822d&ajax_request=true&ajax_page_request=true&menuHashes=82de86df-f7efb62a-0e8c8da2-c0766b67&_nocache=1527825024323183391 HTTP/1.1" 200 342
::1 - - [31/May/2018:22:50:25 -0500] "GET /phpmyadmin/db_structure.php?server=1&db=ejemplos&token=f4915e8108ff9e2ca0dd9c8e39ed822d&ajax_request=true&ajax_page_request=true&menuHashes=82de86df-f7efb62a-0e8c8da2-c0766b67&_nocache=1527825025812902918 HTTP/1.1" 200 342
::1 - - [31/May/2018:22:50:26 -0500] "GET /phpmyadmin/db_structure.php?server=1&db=ejemplos&token=f4915e8108ff9e2ca0dd9c8e39ed822d&ajax_request=true&ajax_page_request=true&menuHashes=82de86df-f7efb62a-0e8c8da2-c0766b67&_nocache=152782502657989491 HTTP/1.1" 200 342
::1 - - [31/May/2018:22:50:29 -0500] "GET /phpmyadmin/index.php?token=f4915e8108ff9e2ca0dd9c8e39ed822d HTTP/1.1" 200 8172
::1 - - [31/May/2018:22:50:29 -0500] "GET /phpmyadmin/js/get_scripts.js.php?scripts[]=jquery/jquery-1.8.3.js&scripts[]=ajax.js&scripts[]=keyhandler.js&scripts[]=jquery/jquery-ui-1.9.2.custom.js&scripts[]=jquery/jquery.sprintf.js&scripts[]=jquery/jquery.cookie.js&scripts[]=jquery/jquery.mousewheel.js&scripts[]=jquery/jquery.event.drag-2.2.js&scripts[]=jquery/jquery-ui-timepicker-addon.js&scripts[]=jquery/jquery.ba-hashchange-1.3.js&scripts[]=jquery/jquery.debounce-1.0.5.js&scripts[]=jquery/jquery.menuResizer-1.0.js&scripts[]=rte.js&scripts[]=functions.js&scripts[]=navigation.js&scripts[]=indexes.js&scripts[]=common.js&scripts[]=codemirror/lib/codemirror.js&scripts[]=codemirror/mode/mysql/mysql.js HTTP/1.1" 200 578562
::1 - - [31/May/2018:22:50:29 -0500] "GET /phpmyadmin/db_sql.php?db=ejemplos&table=&server=1&target=&token=f4915e8108ff9e2ca0dd9c8e39ed822d HTTP/1.1" 200 8220
::1 - - [31/May/2018:22:50:36 -0500] "POST /phpmyadmin/index.php HTTP/1.1" 302 -
::1 - - [31/May/2018:22:50:36 -0500] "GET /phpmyadmin/index.php?db=ejemplos&target=db_sql.php&token=f4915e8108ff9e2ca0dd9c8e39ed822d HTTP/1.1" 200 14659
::1 - - [31/May/2018:22:50:36 -0500] "GET /phpmyadmin/js/get_scripts.js.php?scripts[]=jquery/jquery-1.8.3.js&scripts[]=ajax.js&scripts[]=keyhandler.js&scripts[]=jquery/jquery-ui-1.9.2.custom.js&scripts[]=jquery/jquery.sprintf.js&scripts[]=jquery/jquery.cookie.js&scripts[]=jquery/jquery.mousewheel.js&scripts[]=jquery/jquery.event.drag-2.2.js&scripts[]=jquery/jquery-ui-timepicker-addon.js&scripts[]=jquery/jquery.ba-hashchange-1.3.js&scripts[]=jquery/jquery.debounce-1.0.5.js&scripts[]=jquery/jquery.menuResizer-1.0.js&scripts[]=rte.js&scripts[]=functions.js&scripts[]=navigation.js&scripts[]=indexes.js&scripts[]=common.js&scripts[]=makegrid.js&scripts[]=sql.js&scripts[]=codemirror/lib/codemirror.js&scripts[]=codemirror/mode/mysql/mysql.js HTTP/1.1" 200 613661
::1 - - [31/May/2018:22:50:36 -0500] "GET /phpmyadmin/js/messages.php?lang=es&db=ejemplos&server=0&token=f4915e8108ff9e2ca0dd9c8e39ed822d HTTP/1.1" 200 18333
::1 - - [31/May/2018:22:50:39 -0500] "GET /phpmyadmin/db_structure.php?server=1&db=ejemplos&token=f4915e8108ff9e2ca0dd9c8e39ed822d&ajax_request=true&ajax_page_request=true&menuHashes=e9a2d815&_nocache=1527825039849950777 HTTP/1.1" 200 24374
::1 - - [31/May/2018:22:50:40 -0500] "GET /phpmyadmin/js/get_scripts.js.php?scripts[]=db_structure.js&scripts[]=tbl_change.js HTTP/1.1" 200 12382
::1 - - [31/May/2018:22:50:47 -0500] "GET /phpmyadmin/sql.php?db=ejemplos&token=f4915e8108ff9e2ca0dd9c8e39ed822d&goto=db_structure.php&table=comesales&pos=0&ajax_request=true&ajax_page_request=true&menuHashes=e9a2d815-0e8c8da2&_nocache=1527825047590376755 HTTP/1.1" 200 31004
::1 - - [31/May/2018:22:50:47 -0500] "GET /phpmyadmin/js/get_scripts.js.php?scripts[]=tbl_structure.js&scripts[]=gis_data_editor.js HTTP/1.1" 200 15188
::1 - - [31/May/2018:22:50:48 -0500] "GET /phpmyadmin/index.php?ajax_request=1&recent_table=1&token=f4915e8108ff9e2ca0dd9c8e39ed822d HTTP/1.1" 200 221
::1 - - [31/May/2018:22:51:29 -0500] "GET /ComedorUniversitarioFINAL/index.php/atenciones HTTP/1.1" 200 507
::1 - - [31/May/2018:22:52:03 -0500] "GET /ComedorUniversitarioFINAL/index.php/comesales HTTP/1.1" 200 4685
::1 - - [31/May/2018:22:52:06 -0500] "GET /ComedorUniversitarioFINAL/index.php/atenciones HTTP/1.1" 200 4685
::1 - - [31/May/2018:22:52:46 -0500] "GET /ComedorUniversitarioFINAL/index.php/atenciones HTTP/1.1" 200 4685
::1 - - [31/May/2018:22:52:48 -0500] "GET /ComedorUniversitarioFINAL/index.php/atenciones HTTP/1.1" 200 4685
::1 - - [31/May/2018:22:52:50 -0500] "GET /ComedorUniversitarioFINAL/index.php/atenciones HTTP/1.1" 200 4685
::1 - - [31/May/2018:22:53:38 -0500] "GET /ComedorUniversitarioFINAL/index.php/atenciones HTTP/1.1" 200 4685
::1 - - [31/May/2018:22:53:41 -0500] "GET /ComedorUniversitarioFINAL/index.php/atenciones HTTP/1.1" 200 4685
::1 - - [31/May/2018:22:53:54 -0500] "GET /ComedorUniversitarioFINAL/index.php/atenciones HTTP/1.1" 200 4685
::1 - - [31/May/2018:22:53:55 -0500] "GET /ComedorUniversitarioFINAL/index.php/atenciones HTTP/1.1" 200 4685
::1 - - [31/May/2018:22:55:56 -0500] "GET /ComedorUniversitarioFINAL/index.php/atenciones HTTP/1.1" 200 4682
::1 - - [31/May/2018:23:00:25 -0500] "GET /ComedorUniversitarioFINAL/index.php/atenciones HTTP/1.1" 200 4603
::1 - - [31/May/2018:23:00:28 -0500] "GET /ComedorUniversitarioFINAL/index.php/atenciones HTTP/1.1" 200 4603
::1 - - [31/May/2018:23:00:46 -0500] "GET /ComedorUniversitarioFINAL/index.php/atenciones HTTP/1.1" 200 4603
::1 - - [31/May/2018:23:00:48 -0500] "GET /ComedorUniversitarioFINAL/index.php/atenciones HTTP/1.1" 200 4603
::1 - - [31/May/2018:23:01:38 -0500] "GET /ComedorUniversitarioFINAL/index.php/atenciones HTTP/1.1" 200 4682
::1 - - [31/May/2018:23:02:00 -0500] "GET /ComedorUniversitarioFINAL/index.php/atenciones HTTP/1.1" 200 4682
::1 - - [31/May/2018:23:02:30 -0500] "GET /ComedorUniversitarioFINAL/index.php/atenciones HTTP/1.1" 200 4660
::1 - - [31/May/2018:23:02:31 -0500] "GET /ComedorUniversitarioFINAL/index.php/atenciones HTTP/1.1" 200 4660
::1 - - [31/May/2018:23:02:31 -0500] "GET /ComedorUniversitarioFINAL/index.php/atenciones HTTP/1.1" 200 4660
::1 - - [31/May/2018:23:02:31 -0500] "GET /ComedorUniversitarioFINAL/index.php/atenciones HTTP/1.1" 200 4660
::1 - - [31/May/2018:23:02:32 -0500] "GET /ComedorUniversitarioFINAL/index.php/atenciones HTTP/1.1" 200 4660
::1 - - [31/May/2018:23:02:32 -0500] "GET /ComedorUniversitarioFINAL/index.php/atenciones HTTP/1.1" 200 4660
::1 - - [31/May/2018:23:02:43 -0500] "GET /ComedorUniversitarioFINAL/index.php/atenciones HTTP/1.1" 200 4671
::1 - - [31/May/2018:23:02:45 -0500] "GET /ComedorUniversitarioFINAL/index.php/atenciones HTTP/1.1" 200 4671
::1 - - [31/May/2018:23:02:54 -0500] "GET /ComedorUniversitarioFINAL/index.php/atenciones HTTP/1.1" 200 4682
::1 - - [31/May/2018:23:03:02 -0500] "GET /ComedorUniversitarioFINAL/index.php/atenciones HTTP/1.1" 200 4671
::1 - - [31/May/2018:23:03:16 -0500] "GET /ComedorUniversitarioFINAL/index.php/atenciones HTTP/1.1" 200 4669
::1 - - [31/May/2018:23:03:29 -0500] "GET /ComedorUniversitarioFINAL/index.php/atenciones HTTP/1.1" 200 4681
::1 - - [31/May/2018:23:04:22 -0500] "GET /ComedorUniversitarioFINAL/index.php/atenciones HTTP/1.1" 200 4289
::1 - - [31/May/2018:23:05:14 -0500] "GET /ComedorUniversitarioFINAL/index.php/atenciones HTTP/1.1" 200 4233
::1 - - [31/May/2018:23:05:21 -0500] "GET /ComedorUniversitarioFINAL/index.php/atenciones HTTP/1.1" 200 4233
::1 - - [31/May/2018:23:05:29 -0500] "GET /ComedorUniversitarioFINAL/index.php/atenciones HTTP/1.1" 200 4233
::1 - - [31/May/2018:23:06:40 -0500] "GET /ComedorUniversitarioFINAL/index.php/atenciones HTTP/1.1" 200 3613
::1 - - [31/May/2018:23:06:59 -0500] "GET /ComedorUniversitarioFINAL/index.php/atenciones HTTP/1.1" 200 4233
::1 - - [31/May/2018:23:06:59 -0500] "GET /ComedorUniversitarioFINAL/index.php/atenciones HTTP/1.1" 200 4233
::1 - - [31/May/2018:23:07:00 -0500] "GET /ComedorUniversitarioFINAL/index.php/atenciones HTTP/1.1" 200 4233
::1 - - [31/May/2018:23:07:00 -0500] "GET /ComedorUniversitarioFINAL/index.php/atenciones HTTP/1.1" 200 4233
::1 - - [31/May/2018:23:07:00 -0500] "GET /ComedorUniversitarioFINAL/index.php/atenciones HTTP/1.1" 200 4233
::1 - - [31/May/2018:23:07:43 -0500] "GET /ComedorUniversitarioFINAL/index.php/atenciones HTTP/1.1" 200 4236
::1 - - [31/May/2018:23:07:45 -0500] "GET /ComedorUniversitarioFINAL/index.php/atenciones HTTP/1.1" 200 4236
::1 - - [31/May/2018:23:07:47 -0500] "GET /ComedorUniversitarioFINAL/index.php/atenciones HTTP/1.1" 200 4236
::1 - - [31/May/2018:23:08:01 -0500] "GET /ComedorUniversitarioFINAL/index.php/atenciones HTTP/1.1" 200 4236
::1 - - [31/May/2018:23:09:09 -0500] "GET /ComedorUniversitarioFINAL/index.php/atenciones HTTP/1.1" 200 4263
::1 - - [31/May/2018:23:09:27 -0500] "GET /ComedorUniversitarioFINAL/index.php/atenciones HTTP/1.1" 200 4263
::1 - - [31/May/2018:23:09:44 -0500] "GET /ComedorUniversitarioFINAL/index.php/atenciones HTTP/1.1" 200 4263
::1 - - [31/May/2018:23:10:03 -0500] "GET /ComedorUniversitarioFINAL/index.php/atenciones HTTP/1.1" 200 4262
::1 - - [31/May/2018:23:10:17 -0500] "GET /ComedorUniversitarioFINAL/index.php/atenciones HTTP/1.1" 200 4262
::1 - - [31/May/2018:23:11:09 -0500] "GET /ComedorUniversitarioFINAL/index.php/atenciones HTTP/1.1" 200 4358
::1 - - [31/May/2018:23:11:31 -0500] "GET /ComedorUniversitarioFINAL/index.php/atenciones HTTP/1.1" 200 4358
::1 - - [31/May/2018:23:11:33 -0500] "GET /ComedorUniversitarioFINAL/index.php/atenciones HTTP/1.1" 200 4358
::1 - - [31/May/2018:23:11:35 -0500] "GET /ComedorUniversitarioFINAL/index.php/atenciones HTTP/1.1" 200 4358
::1 - - [31/May/2018:23:11:39 -0500] "GET /ComedorUniversitarioFINAL/index.php/atenciones HTTP/1.1" 200 4358
::1 - - [31/May/2018:23:11:40 -0500] "GET /ComedorUniversitarioFINAL/index.php/comesales/editar/9/ HTTP/1.1" 200 4257
::1 - - [31/May/2018:23:12:27 -0500] "GET /ComedorUniversitarioFINAL/index.php/comesales/editar/9/ HTTP/1.1" 200 4257
::1 - - [31/May/2018:23:13:20 -0500] "GET /ComedorUniversitarioFINAL/index.php/comesales/editar/9/ HTTP/1.1" 200 4257
::1 - - [31/May/2018:23:13:23 -0500] "GET /ComedorUniversitarioFINAL/index.php/atenciones HTTP/1.1" 200 4362
::1 - - [31/May/2018:23:13:24 -0500] "GET /ComedorUniversitarioFINAL/index.php/atenciones/editar/9/ HTTP/1.1" 200 4258
::1 - - [31/May/2018:23:14:46 -0500] "GET /phpmyadmin/db_structure.php?server=1&db=ejemplos&token=f4915e8108ff9e2ca0dd9c8e39ed822d&ajax_request=true&ajax_page_request=true&menuHashes=0e8c8da2&_nocache=1527826486243489520 HTTP/1.1" 200 21200
::1 - - [31/May/2018:23:14:49 -0500] "GET /phpmyadmin/db_structure.php?db=ejemplos&token=f4915e8108ff9e2ca0dd9c8e39ed822d&ajax_request=true&ajax_page_request=true&menuHashes=0e8c8da2&_nocache=1527826489662964052 HTTP/1.1" 200 21198
::1 - - [31/May/2018:23:15:03 -0500] "GET /phpmyadmin/db_structure.php?db=ejemplos&token=f4915e8108ff9e2ca0dd9c8e39ed822d&ajax_request=true&ajax_page_request=true&menuHashes=0e8c8da2&_nocache=1527826503094268365 HTTP/1.1" 200 21198
::1 - - [31/May/2018:23:15:04 -0500] "GET /phpmyadmin/db_structure.php?server=1&db=ejemplos&token=f4915e8108ff9e2ca0dd9c8e39ed822d&ajax_request=true&ajax_page_request=true&menuHashes=0e8c8da2&_nocache=1527826504325241168 HTTP/1.1" 200 21200
::1 - - [31/May/2018:23:15:06 -0500] "GET /phpmyadmin/db_structure.php?db=ejemplos&token=f4915e8108ff9e2ca0dd9c8e39ed822d&ajax_request=true&ajax_page_request=true&menuHashes=0e8c8da2&_nocache=1527826506615595233 HTTP/1.1" 200 21198
::1 - - [31/May/2018:23:17:53 -0500] "GET /phpmyadmin/db_structure.php?server=1&db=ejemplos&token=f4915e8108ff9e2ca0dd9c8e39ed822d&ajax_request=true&ajax_page_request=true&menuHashes=0e8c8da2&_nocache=1527826673654213245 HTTP/1.1" 200 21200
::1 - - [31/May/2018:23:19:16 -0500] "GET /phpmyadmin/sql.php?db=ejemplos&token=f4915e8108ff9e2ca0dd9c8e39ed822d&goto=db_structure.php&table=usuarios&pos=0&ajax_request=true&ajax_page_request=true&menuHashes=0e8c8da2&_nocache=1527826756924327043 HTTP/1.1" 200 31831
::1 - - [31/May/2018:23:19:17 -0500] "GET /phpmyadmin/js/get_scripts.js.php?scripts[]=tbl_structure.js&scripts[]=gis_data_editor.js&scripts[]=makegrid.js&scripts[]=sql.js HTTP/1.1" 200 50287
::1 - - [31/May/2018:23:19:17 -0500] "GET /phpmyadmin/index.php?ajax_request=1&recent_table=1&token=f4915e8108ff9e2ca0dd9c8e39ed822d HTTP/1.1" 200 347
::1 - - [31/May/2018:23:19:30 -0500] "GET /phpmyadmin/sql.php?db=ejemplos&token=f4915e8108ff9e2ca0dd9c8e39ed822d&goto=db_structure.php&table=comesales&pos=0&ajax_request=true&ajax_page_request=true&menuHashes=0e8c8da2-77a899dc&_nocache=1527826770078469388 HTTP/1.1" 200 31004
::1 - - [31/May/2018:23:19:30 -0500] "GET /phpmyadmin/index.php?ajax_request=1&recent_table=1&token=f4915e8108ff9e2ca0dd9c8e39ed822d HTTP/1.1" 200 347
::1 - - [31/May/2018:23:21:31 -0500] "GET /phpmyadmin/db_structure.php?server=1&db=ejemplos&token=f4915e8108ff9e2ca0dd9c8e39ed822d&ajax_request=true&ajax_page_request=true&menuHashes=0e8c8da2-77a899dc-088755dc&_nocache=1527826891057242393 HTTP/1.1" 200 21200
::1 - - [31/May/2018:23:21:58 -0500] "POST /phpmyadmin/tbl_create.php HTTP/1.1" 200 163329
::1 - - [31/May/2018:23:21:59 -0500] "GET /phpmyadmin/index.php?ajax_request=1&recent_table=1&token=f4915e8108ff9e2ca0dd9c8e39ed822d HTTP/1.1" 200 477
::1 - - [31/May/2018:23:23:12 -0500] "POST /phpmyadmin/tbl_create.php HTTP/1.1" 200 6822
::1 - - [31/May/2018:23:23:13 -0500] "GET /phpmyadmin/db_structure.php?token=f4915e8108ff9e2ca0dd9c8e39ed822d&server=1&db=ejemplos&table=atenciones&ajax_request=true&ajax_page_request=true&menuHashes=0e8c8da2-77a899dc-088755dc-25afeab7&_nocache=1527826993280568117 HTTP/1.1" 200 27439
::1 - - [31/May/2018:23:23:13 -0500] "POST /phpmyadmin/navigation.php?ajax_request=1&token=f4915e8108ff9e2ca0dd9c8e39ed822d HTTP/1.1" 200 1906
::1 - - [31/May/2018:23:23:13 -0500] "GET /phpmyadmin/index.php?ajax_request=1&recent_table=1&token=f4915e8108ff9e2ca0dd9c8e39ed822d HTTP/1.1" 200 477
::1 - - [31/May/2018:23:23:16 -0500] "GET /phpmyadmin/db_structure.php?server=1&db=ejemplos&token=f4915e8108ff9e2ca0dd9c8e39ed822d&ajax_request=true&ajax_page_request=true&menuHashes=59045848-0e8c8da2-77a899dc-088755dc-25afeab7&_nocache=1527826996907159014 HTTP/1.1" 200 24065
::1 - - [31/May/2018:23:23:19 -0500] "GET /phpmyadmin/sql.php?db=ejemplos&token=f4915e8108ff9e2ca0dd9c8e39ed822d&goto=db_structure.php&table=atenciones&pos=0&ajax_request=true&ajax_page_request=true&menuHashes=59045848-0e8c8da2-77a899dc-088755dc-25afeab7&_nocache=1527826999729612920 HTTP/1.1" 200 10526
::1 - - [31/May/2018:23:23:19 -0500] "GET /phpmyadmin/index.php?ajax_request=1&recent_table=1&token=f4915e8108ff9e2ca0dd9c8e39ed822d HTTP/1.1" 200 477
::1 - - [31/May/2018:23:23:25 -0500] "GET /phpmyadmin/sql.php?db=ejemplos&table=atenciones&token=f4915e8108ff9e2ca0dd9c8e39ed822d&pos=0&ajax_request=true&ajax_page_request=true&menuHashes=59045848-0e8c8da2-77a899dc-088755dc-25afeab7-a59b1a25&_nocache=1527827005506289470 HTTP/1.1" 200 7406
::1 - - [31/May/2018:23:23:25 -0500] "GET /phpmyadmin/index.php?ajax_request=1&recent_table=1&token=f4915e8108ff9e2ca0dd9c8e39ed822d HTTP/1.1" 200 477
::1 - - [31/May/2018:23:23:26 -0500] "GET /phpmyadmin/db_structure.php?server=1&db=ejemplos&token=f4915e8108ff9e2ca0dd9c8e39ed822d&ajax_request=true&ajax_page_request=true&menuHashes=59045848-0e8c8da2-77a899dc-088755dc-25afeab7-a59b1a25&_nocache=1527827006609534451 HTTP/1.1" 200 24065
::1 - - [31/May/2018:23:23:31 -0500] "GET /phpmyadmin/sql.php?db=ejemplos&token=f4915e8108ff9e2ca0dd9c8e39ed822d&goto=db_structure.php&table=atenciones&pos=0&ajax_request=true&ajax_page_request=true&menuHashes=59045848-0e8c8da2-77a899dc-088755dc-25afeab7-a59b1a25&_nocache=1527827011202655435 HTTP/1.1" 200 7406
::1 - - [31/May/2018:23:23:31 -0500] "GET /phpmyadmin/index.php?ajax_request=1&recent_table=1&token=f4915e8108ff9e2ca0dd9c8e39ed822d HTTP/1.1" 200 477
::1 - - [31/May/2018:23:23:36 -0500] "GET /phpmyadmin/tbl_change.php?db=ejemplos&table=atenciones&token=f4915e8108ff9e2ca0dd9c8e39ed822d&ajax_request=true&ajax_page_request=true&menuHashes=59045848-0e8c8da2-77a899dc-088755dc-25afeab7-a59b1a25&_nocache=1527827016637480180 HTTP/1.1" 200 30760
::1 - - [31/May/2018:23:23:36 -0500] "GET /phpmyadmin/themes/pmahomme/img/b_calendar.png HTTP/1.1" 200 638
::1 - - [31/May/2018:23:23:36 -0500] "GET /phpmyadmin/index.php?ajax_request=1&recent_table=1&token=f4915e8108ff9e2ca0dd9c8e39ed822d HTTP/1.1" 200 477
::1 - - [31/May/2018:23:23:55 -0500] "POST /phpmyadmin/tbl_replace.php HTTP/1.1" 200 12089
::1 - - [31/May/2018:23:23:55 -0500] "GET /phpmyadmin/index.php?ajax_request=1&recent_table=1&token=f4915e8108ff9e2ca0dd9c8e39ed822d HTTP/1.1" 200 477
::1 - - [31/May/2018:23:24:12 -0500] "GET /phpmyadmin/db_structure.php?server=1&db=ejemplos&token=f4915e8108ff9e2ca0dd9c8e39ed822d&ajax_request=true&ajax_page_request=true&menuHashes=59045848-64336001-77a899dc-088755dc-25afeab7-a59b1a25-21febcc6&_nocache=1527827052974578749 HTTP/1.1" 200 27236
::1 - - [31/May/2018:23:24:19 -0500] "GET /phpmyadmin/sql.php?db=ejemplos&token=f4915e8108ff9e2ca0dd9c8e39ed822d&goto=db_structure.php&table=atenciones&pos=0&ajax_request=true&ajax_page_request=true&menuHashes=59045848-64336001-088755dc-25afeab7-a59b1a25-21febcc6-0e8c8da2&_nocache=1527827059478914338 HTTP/1.1" 200 17432
::1 - - [31/May/2018:23:24:19 -0500] "GET /phpmyadmin/index.php?ajax_request=1&recent_table=1&token=f4915e8108ff9e2ca0dd9c8e39ed822d HTTP/1.1" 200 477
::1 - - [31/May/2018:23:24:22 -0500] "GET /phpmyadmin/tbl_structure.php?db=ejemplos&table=atenciones&token=f4915e8108ff9e2ca0dd9c8e39ed822d&ajax_request=true&ajax_page_request=true&menuHashes=59045848-64336001-088755dc-25afeab7-a59b1a25-21febcc6-0e8c8da2&_nocache=1527827062437707394 HTTP/1.1" 200 29674
::1 - - [31/May/2018:23:24:22 -0500] "GET /phpmyadmin/index.php?ajax_request=1&recent_table=1&token=f4915e8108ff9e2ca0dd9c8e39ed822d HTTP/1.1" 200 477
::1 - - [31/May/2018:23:24:36 -0500] "GET /phpmyadmin/tbl_structure.php?db=ejemplos&table=atenciones&token=f4915e8108ff9e2ca0dd9c8e39ed822d&goto=tbl_structure.php&back=tbl_structure.php&field=fecha_atencion&change_column=1&ajax_request=true&_nocache=152782707654312938 HTTP/1.1" 200 43623
::1 - - [31/May/2018:23:24:50 -0500] "POST /phpmyadmin/tbl_structure.php HTTP/1.1" 200 27539
::1 - - [31/May/2018:23:24:52 -0500] "POST /phpmyadmin/navigation.php?ajax_request=1&token=f4915e8108ff9e2ca0dd9c8e39ed822d HTTP/1.1" 200 1906
::1 - - [31/May/2018:23:24:55 -0500] "GET /phpmyadmin/sql.php?db=ejemplos&table=atenciones&token=f4915e8108ff9e2ca0dd9c8e39ed822d&pos=0&ajax_request=true&ajax_page_request=true&menuHashes=59045848-64336001-25afeab7-a59b1a25-21febcc6-0e8c8da2-afeb9a6e&_nocache=1527827095830481239 HTTP/1.1" 200 17445
::1 - - [31/May/2018:23:24:56 -0500] "GET /phpmyadmin/index.php?ajax_request=1&recent_table=1&token=f4915e8108ff9e2ca0dd9c8e39ed822d HTTP/1.1" 200 477
::1 - - [31/May/2018:23:24:57 -0500] "GET /phpmyadmin/db_structure.php?server=1&db=ejemplos&token=f4915e8108ff9e2ca0dd9c8e39ed822d&ajax_request=true&ajax_page_request=true&menuHashes=59045848-64336001-25afeab7-a59b1a25-21febcc6-0e8c8da2-afeb9a6e&_nocache=1527827097711548967 HTTP/1.1" 200 24065
::1 - - [31/May/2018:23:24:59 -0500] "GET /phpmyadmin/sql.php?db=ejemplos&token=f4915e8108ff9e2ca0dd9c8e39ed822d&goto=db_structure.php&table=atenciones&pos=0&ajax_request=true&ajax_page_request=true&menuHashes=59045848-64336001-25afeab7-a59b1a25-21febcc6-0e8c8da2-afeb9a6e&_nocache=1527827099102758829 HTTP/1.1" 200 17445
::1 - - [31/May/2018:23:24:59 -0500] "GET /phpmyadmin/index.php?ajax_request=1&recent_table=1&token=f4915e8108ff9e2ca0dd9c8e39ed822d HTTP/1.1" 200 477
::1 - - [31/May/2018:23:25:01 -0500] "GET /phpmyadmin/tbl_change.php?db=ejemplos&table=atenciones&token=f4915e8108ff9e2ca0dd9c8e39ed822d&ajax_request=true&ajax_page_request=true&menuHashes=59045848-64336001-25afeab7-a59b1a25-21febcc6-0e8c8da2-afeb9a6e&_nocache=1527827101389928664 HTTP/1.1" 200 27978
::1 - - [31/May/2018:23:25:01 -0500] "GET /phpmyadmin/index.php?ajax_request=1&recent_table=1&token=f4915e8108ff9e2ca0dd9c8e39ed822d HTTP/1.1" 200 477
::1 - - [31/May/2018:23:25:05 -0500] "POST /phpmyadmin/tbl_replace.php HTTP/1.1" 200 9226
::1 - - [31/May/2018:23:25:06 -0500] "GET /phpmyadmin/index.php?ajax_request=1&recent_table=1&token=f4915e8108ff9e2ca0dd9c8e39ed822d HTTP/1.1" 200 477
::1 - - [31/May/2018:23:25:13 -0500] "POST /phpmyadmin/import.php HTTP/1.1" 200 3735
::1 - - [31/May/2018:23:25:15 -0500] "GET /phpmyadmin/db_structure.php?server=1&db=ejemplos&token=f4915e8108ff9e2ca0dd9c8e39ed822d&ajax_request=true&ajax_page_request=true&menuHashes=59045848-64336001-25afeab7-a59b1a25-21febcc6-0e8c8da2-afeb9a6e&_nocache=1527827115873413421 HTTP/1.1" 200 24062
::1 - - [31/May/2018:23:25:17 -0500] "GET /phpmyadmin/sql.php?db=ejemplos&token=f4915e8108ff9e2ca0dd9c8e39ed822d&goto=db_structure.php&table=atenciones&pos=0&ajax_request=true&ajax_page_request=true&menuHashes=59045848-64336001-25afeab7-a59b1a25-21febcc6-0e8c8da2-afeb9a6e&_nocache=1527827117149262395 HTTP/1.1" 200 23702
::1 - - [31/May/2018:23:25:17 -0500] "GET /phpmyadmin/index.php?ajax_request=1&recent_table=1&token=f4915e8108ff9e2ca0dd9c8e39ed822d HTTP/1.1" 200 477
::1 - - [31/May/2018:23:25:41 -0500] "GET /phpmyadmin/tbl_sql.php?db=ejemplos&table=atenciones&token=f4915e8108ff9e2ca0dd9c8e39ed822d HTTP/1.1" 200 16250
::1 - - [31/May/2018:23:25:41 -0500] "GET /phpmyadmin/js/get_image.js.php?theme=pmahomme HTTP/1.1" 200 6263
::1 - - [31/May/2018:23:25:42 -0500] "GET /phpmyadmin/index.php?ajax_request=1&recent_table=1&token=f4915e8108ff9e2ca0dd9c8e39ed822d HTTP/1.1" 200 477
::1 - - [31/May/2018:23:26:19 -0500] "POST /phpmyadmin/import.php HTTP/1.1" 200 186
::1 - - [31/May/2018:23:26:40 -0500] "POST /phpmyadmin/import.php HTTP/1.1" 200 4266
::1 - - [31/May/2018:23:26:54 -0500] "GET /phpmyadmin/tbl_sql.php?db=ejemplos&table=atenciones&token=f4915e8108ff9e2ca0dd9c8e39ed822d&ajax_request=true&ajax_page_request=true&menuHashes=64336001&_nocache=1527827214119152772 HTTP/1.1" 200 5304
::1 - - [31/May/2018:23:26:54 -0500] "GET /phpmyadmin/index.php?ajax_request=1&recent_table=1&token=f4915e8108ff9e2ca0dd9c8e39ed822d HTTP/1.1" 200 477
::1 - - [31/May/2018:23:27:07 -0500] "POST /phpmyadmin/import.php HTTP/1.1" 200 186
::1 - - [31/May/2018:23:27:21 -0500] "POST /phpmyadmin/import.php HTTP/1.1" 200 3721
::1 - - [31/May/2018:23:27:31 -0500] "GET /phpmyadmin/tbl_sql.php?db=ejemplos&table=atenciones&token=f4915e8108ff9e2ca0dd9c8e39ed822d&ajax_request=true&ajax_page_request=true&menuHashes=64336001&_nocache=1527827251389623475 HTTP/1.1" 200 5304
::1 - - [31/May/2018:23:27:31 -0500] "GET /phpmyadmin/index.php?ajax_request=1&recent_table=1&token=f4915e8108ff9e2ca0dd9c8e39ed822d HTTP/1.1" 200 477
::1 - - [31/May/2018:23:28:10 -0500] "POST /phpmyadmin/import.php HTTP/1.1" 200 3721
::1 - - [31/May/2018:23:30:52 -0500] "GET /phpmyadmin/db_structure.php?server=1&db=ejemplos&token=f4915e8108ff9e2ca0dd9c8e39ed822d&ajax_request=true&ajax_page_request=true&menuHashes=59045848-64336001-25afeab7-a59b1a25-21febcc6-0e8c8da2-afeb9a6e&_nocache=1527827452655404296 HTTP/1.1" 200 24062
::1 - - [31/May/2018:23:30:55 -0500] "GET /phpmyadmin/sql.php?db=ejemplos&token=f4915e8108ff9e2ca0dd9c8e39ed822d&goto=db_structure.php&table=atenciones&pos=0&ajax_request=true&ajax_page_request=true&menuHashes=59045848-64336001-25afeab7-a59b1a25-21febcc6-0e8c8da2-afeb9a6e&_nocache=1527827455926874814 HTTP/1.1" 200 23702
::1 - - [31/May/2018:23:30:56 -0500] "GET /phpmyadmin/index.php?ajax_request=1&recent_table=1&token=f4915e8108ff9e2ca0dd9c8e39ed822d HTTP/1.1" 200 477
::1 - - [31/May/2018:23:31:00 -0500] "GET /phpmyadmin/tbl_structure.php?db=ejemplos&table=atenciones&token=f4915e8108ff9e2ca0dd9c8e39ed822d&ajax_request=true&ajax_page_request=true&menuHashes=59045848-64336001-25afeab7-a59b1a25-21febcc6-0e8c8da2-afeb9a6e&_nocache=1527827460015961430 HTTP/1.1" 200 26614
::1 - - [31/May/2018:23:31:00 -0500] "GET /phpmyadmin/index.php?ajax_request=1&recent_table=1&token=f4915e8108ff9e2ca0dd9c8e39ed822d HTTP/1.1" 200 477
::1 - - [31/May/2018:23:31:11 -0500] "GET /phpmyadmin/tbl_structure.php?db=ejemplos&table=atenciones&token=f4915e8108ff9e2ca0dd9c8e39ed822d&goto=tbl_structure.php&back=tbl_structure.php&field=fecha_atencion&change_column=1&ajax_request=true&_nocache=1527827471175309663 HTTP/1.1" 200 43640
::1 - - [31/May/2018:23:31:16 -0500] "POST /phpmyadmin/tbl_structure.php HTTP/1.1" 200 3552
::1 - - [31/May/2018:23:31:21 -0500] "POST /phpmyadmin/tbl_structure.php HTTP/1.1" 200 3552
::1 - - [31/May/2018:23:31:26 -0500] "GET /phpmyadmin/sql.php?db=ejemplos&table=atenciones&token=f4915e8108ff9e2ca0dd9c8e39ed822d&pos=0&ajax_request=true&ajax_page_request=true&menuHashes=64336001&_nocache=1527827486958805239 HTTP/1.1" 200 26822
::1 - - [31/May/2018:23:31:27 -0500] "GET /phpmyadmin/js/get_scripts.js.php?scripts[]=tbl_change.js&scripts[]=tbl_structure.js&scripts[]=gis_data_editor.js HTTP/1.1" 200 22203
::1 - - [31/May/2018:23:31:27 -0500] "GET /phpmyadmin/index.php?ajax_request=1&recent_table=1&token=f4915e8108ff9e2ca0dd9c8e39ed822d HTTP/1.1" 200 477
::1 - - [31/May/2018:23:31:44 -0500] "POST /phpmyadmin/tbl_row_action.php HTTP/1.1" 200 13910
::1 - - [31/May/2018:23:31:44 -0500] "GET /phpmyadmin/index.php?ajax_request=1&recent_table=1&token=f4915e8108ff9e2ca0dd9c8e39ed822d HTTP/1.1" 200 477
::1 - - [31/May/2018:23:31:46 -0500] "POST /phpmyadmin/tbl_row_action.php HTTP/1.1" 302 10536
::1 - - [31/May/2018:23:31:47 -0500] "GET /phpmyadmin/tbl_structure.php?db=ejemplos&table=atenciones&token=f4915e8108ff9e2ca0dd9c8e39ed822d&sql_query=SELECT+%2A+FROM+%60atenciones%60&message=%3Cimg+src%3D%22themes%2Fdot.gif%22+title%3D%22%22+alt%3D%22%22+class%3D%22icon+ic_s_success%22+%2F%3E+MySQL+ha+devuelto+un+conjunto+de+valores+vac%C3%ADo+%28es+decir%3A+cero+columnas%29.+%28La+consulta+tard%C3%B3+0.0003+seg%29 HTTP/1.1" 200 35244
::1 - - [31/May/2018:23:32:05 -0500] "GET /phpmyadmin/tbl_structure.php?db=ejemplos&table=atenciones&token=f4915e8108ff9e2ca0dd9c8e39ed822d&ajax_request=true&ajax_page_request=true&_nocache=1527827525543971870 HTTP/1.1" 200 29734
::1 - - [31/May/2018:23:32:05 -0500] "GET /phpmyadmin/js/get_scripts.js.php?scripts[]=tbl_structure.js HTTP/1.1" 200 7496
::1 - - [31/May/2018:23:32:05 -0500] "GET /phpmyadmin/index.php?ajax_request=1&recent_table=1&token=f4915e8108ff9e2ca0dd9c8e39ed822d HTTP/1.1" 200 477
::1 - - [31/May/2018:23:32:11 -0500] "GET /phpmyadmin/tbl_structure.php?db=ejemplos&table=atenciones&token=f4915e8108ff9e2ca0dd9c8e39ed822d&goto=tbl_structure.php&back=tbl_structure.php&field=fecha_atencion&change_column=1&ajax_request=true&_nocache=1527827531505524764 HTTP/1.1" 200 43640
::1 - - [31/May/2018:23:32:17 -0500] "POST /phpmyadmin/tbl_structure.php HTTP/1.1" 200 3552
::1 - - [31/May/2018:23:32:23 -0500] "GET /phpmyadmin/tbl_structure.php?db=ejemplos&table=atenciones&token=f4915e8108ff9e2ca0dd9c8e39ed822d&ajax_request=true&ajax_page_request=true&menuHashes=afeb9a6e&_nocache=1527827543157385660 HTTP/1.1" 200 26614
::1 - - [31/May/2018:23:32:23 -0500] "GET /phpmyadmin/index.php?ajax_request=1&recent_table=1&token=f4915e8108ff9e2ca0dd9c8e39ed822d HTTP/1.1" 200 477
::1 - - [31/May/2018:23:32:24 -0500] "GET /phpmyadmin/sql.php?db=ejemplos&table=atenciones&token=f4915e8108ff9e2ca0dd9c8e39ed822d&pos=0&ajax_request=true&ajax_page_request=true&menuHashes=afeb9a6e&_nocache=1527827544318108935 HTTP/1.1" 200 10526
::1 - - [31/May/2018:23:32:24 -0500] "GET /phpmyadmin/js/get_scripts.js.php?scripts[]=tbl_change.js&scripts[]=gis_data_editor.js HTTP/1.1" 200 14707
::1 - - [31/May/2018:23:32:24 -0500] "GET /phpmyadmin/index.php?ajax_request=1&recent_table=1&token=f4915e8108ff9e2ca0dd9c8e39ed822d HTTP/1.1" 200 477
::1 - - [31/May/2018:23:32:24 -0500] "GET /phpmyadmin/sql.php?db=ejemplos&table=atenciones&token=f4915e8108ff9e2ca0dd9c8e39ed822d&pos=0&ajax_request=true&ajax_page_request=true&menuHashes=afeb9a6e-a59b1a25&_nocache=1527827544982343726 HTTP/1.1" 200 7406
::1 - - [31/May/2018:23:32:25 -0500] "GET /phpmyadmin/index.php?ajax_request=1&recent_table=1&token=f4915e8108ff9e2ca0dd9c8e39ed822d HTTP/1.1" 200 477
::1 - - [31/May/2018:23:32:25 -0500] "GET /phpmyadmin/sql.php?db=ejemplos&table=atenciones&token=f4915e8108ff9e2ca0dd9c8e39ed822d&pos=0&ajax_request=true&ajax_page_request=true&menuHashes=afeb9a6e-a59b1a25&_nocache=1527827545623436146 HTTP/1.1" 200 7406
::1 - - [31/May/2018:23:32:25 -0500] "GET /phpmyadmin/index.php?ajax_request=1&recent_table=1&token=f4915e8108ff9e2ca0dd9c8e39ed822d HTTP/1.1" 200 477
::1 - - [31/May/2018:23:32:26 -0500] "GET /phpmyadmin/db_structure.php?server=1&db=ejemplos&token=f4915e8108ff9e2ca0dd9c8e39ed822d&ajax_request=true&ajax_page_request=true&menuHashes=afeb9a6e-a59b1a25&_nocache=1527827546631532560 HTTP/1.1" 200 27239
::1 - - [31/May/2018:23:32:26 -0500] "GET /phpmyadmin/js/get_scripts.js.php?scripts[]=db_structure.js HTTP/1.1" 200 5367
::1 - - [31/May/2018:23:32:28 -0500] "GET /phpmyadmin/sql.php?db=ejemplos&token=f4915e8108ff9e2ca0dd9c8e39ed822d&goto=db_structure.php&table=atenciones&pos=0&ajax_request=true&ajax_page_request=true&menuHashes=afeb9a6e-a59b1a25-0e8c8da2&_nocache=1527827548701403044 HTTP/1.1" 200 7406
::1 - - [31/May/2018:23:32:28 -0500] "GET /phpmyadmin/index.php?ajax_request=1&recent_table=1&token=f4915e8108ff9e2ca0dd9c8e39ed822d HTTP/1.1" 200 477
::1 - - [31/May/2018:23:32:30 -0500] "GET /phpmyadmin/tbl_structure.php?db=ejemplos&table=atenciones&token=f4915e8108ff9e2ca0dd9c8e39ed822d&ajax_request=true&ajax_page_request=true&menuHashes=afeb9a6e-a59b1a25-0e8c8da2&_nocache=1527827550520895748 HTTP/1.1" 200 26614
::1 - - [31/May/2018:23:32:30 -0500] "GET /phpmyadmin/index.php?ajax_request=1&recent_table=1&token=f4915e8108ff9e2ca0dd9c8e39ed822d HTTP/1.1" 200 477
::1 - - [31/May/2018:23:32:38 -0500] "GET /phpmyadmin/sql.php?db=ejemplos&table=atenciones&token=f4915e8108ff9e2ca0dd9c8e39ed822d&goto=tbl_structure.php&back=tbl_structure.php&sql_query=ALTER+TABLE+%60atenciones%60+DROP+%60fecha_atencion%60%3B&dropped_column=fecha_atencion&message_to_show=Se+ha+eliminado+la+columna+fecha_atencion&is_js_confirmed=1&ajax_request=true&ajax_page_request=true&_nocache=1527827558409328347 HTTP/1.1" 200 29752
::1 - - [31/May/2018:23:32:39 -0500] "POST /phpmyadmin/navigation.php?ajax_request=1&token=f4915e8108ff9e2ca0dd9c8e39ed822d HTTP/1.1" 200 1906
::1 - - [31/May/2018:23:32:47 -0500] "POST /phpmyadmin/tbl_addfield.php HTTP/1.1" 200 45006
::1 - - [31/May/2018:23:32:47 -0500] "GET /phpmyadmin/index.php?ajax_request=1&recent_table=1&token=f4915e8108ff9e2ca0dd9c8e39ed822d HTTP/1.1" 200 477
::1 - - [31/May/2018:23:33:30 -0500] "POST /phpmyadmin/tbl_addfield.php HTTP/1.1" 200 2641
::1 - - [31/May/2018:23:33:31 -0500] "POST /phpmyadmin/navigation.php?ajax_request=1&token=f4915e8108ff9e2ca0dd9c8e39ed822d HTTP/1.1" 200 1906
::1 - - [31/May/2018:23:33:36 -0500] "GET /phpmyadmin/sql.php?db=ejemplos&table=atenciones&token=f4915e8108ff9e2ca0dd9c8e39ed822d&pos=0&ajax_request=true&ajax_page_request=true&menuHashes=afeb9a6e-a59b1a25-0e8c8da2&_nocache=1527827616616446858 HTTP/1.1" 200 7406
::1 - - [31/May/2018:23:33:36 -0500] "GET /phpmyadmin/index.php?ajax_request=1&recent_table=1&token=f4915e8108ff9e2ca0dd9c8e39ed822d HTTP/1.1" 200 477
::1 - - [31/May/2018:23:33:38 -0500] "GET /phpmyadmin/tbl_structure.php?db=ejemplos&table=atenciones&token=f4915e8108ff9e2ca0dd9c8e39ed822d&ajax_request=true&ajax_page_request=true&menuHashes=afeb9a6e-a59b1a25-0e8c8da2&_nocache=1527827618232491548 HTTP/1.1" 200 26554
::1 - - [31/May/2018:23:33:38 -0500] "GET /phpmyadmin/index.php?ajax_request=1&recent_table=1&token=f4915e8108ff9e2ca0dd9c8e39ed822d HTTP/1.1" 200 477
::1 - - [31/May/2018:23:33:49 -0500] "GET /phpmyadmin/tbl_change.php?db=ejemplos&table=atenciones&token=f4915e8108ff9e2ca0dd9c8e39ed822d&ajax_request=true&ajax_page_request=true&menuHashes=afeb9a6e-a59b1a25-0e8c8da2&_nocache=1527827629007570265 HTTP/1.1" 200 30760
::1 - - [31/May/2018:23:33:49 -0500] "GET /phpmyadmin/index.php?ajax_request=1&recent_table=1&token=f4915e8108ff9e2ca0dd9c8e39ed822d HTTP/1.1" 200 477
::1 - - [31/May/2018:23:33:53 -0500] "GET /phpmyadmin/themes/pmahomme/jquery/images/ui-bg_glass_55_fbf9ee_1x400.png HTTP/1.1" 200 120
::1 - - [31/May/2018:23:33:57 -0500] "POST /phpmyadmin/tbl_replace.php HTTP/1.1" 200 12100
::1 - - [31/May/2018:23:33:57 -0500] "GET /phpmyadmin/js/get_scripts.js.php?scripts[]=makegrid.js&scripts[]=sql.js HTTP/1.1" 200 35099
::1 - - [31/May/2018:23:33:58 -0500] "GET /phpmyadmin/index.php?ajax_request=1&recent_table=1&token=f4915e8108ff9e2ca0dd9c8e39ed822d HTTP/1.1" 200 477
::1 - - [31/May/2018:23:34:26 -0500] "POST /phpmyadmin/import.php HTTP/1.1" 200 3500
::1 - - [31/May/2018:23:34:31 -0500] "GET /phpmyadmin/db_structure.php?server=1&db=ejemplos&token=f4915e8108ff9e2ca0dd9c8e39ed822d&ajax_request=true&ajax_page_request=true&menuHashes=64336001-afeb9a6e-a59b1a25-0e8c8da2-21febcc6&_nocache=1527827671478851052 HTTP/1.1" 200 24062
::1 - - [31/May/2018:23:34:33 -0500] "GET /phpmyadmin/sql.php?db=ejemplos&token=f4915e8108ff9e2ca0dd9c8e39ed822d&goto=db_structure.php&table=atenciones&pos=0&ajax_request=true&ajax_page_request=true&menuHashes=64336001-afeb9a6e-a59b1a25-0e8c8da2-21febcc6&_nocache=1527827673054372293 HTTP/1.1" 200 21240
::1 - - [31/May/2018:23:34:33 -0500] "GET /phpmyadmin/index.php?ajax_request=1&recent_table=1&token=f4915e8108ff9e2ca0dd9c8e39ed822d HTTP/1.1" 200 477
::1 - - [31/May/2018:23:34:38 -0500] "GET /phpmyadmin/tbl_change.php?db=ejemplos&table=atenciones&token=f4915e8108ff9e2ca0dd9c8e39ed822d&ajax_request=true&ajax_page_request=true&menuHashes=64336001-afeb9a6e-a59b1a25-0e8c8da2-21febcc6&_nocache=1527827678590574106 HTTP/1.1" 200 27640
::1 - - [31/May/2018:23:34:38 -0500] "GET /phpmyadmin/index.php?ajax_request=1&recent_table=1&token=f4915e8108ff9e2ca0dd9c8e39ed822d HTTP/1.1" 200 477
::1 - - [31/May/2018:23:34:47 -0500] "POST /phpmyadmin/tbl_replace.php HTTP/1.1" 200 8988
::1 - - [31/May/2018:23:34:47 -0500] "GET /phpmyadmin/index.php?ajax_request=1&recent_table=1&token=f4915e8108ff9e2ca0dd9c8e39ed822d HTTP/1.1" 200 477
::1 - - [31/May/2018:23:34:51 -0500] "POST /phpmyadmin/import.php HTTP/1.1" 200 3505
::1 - - [31/May/2018:23:34:58 -0500] "GET /phpmyadmin/tbl_sql.php?db=ejemplos&table=atenciones&token=f4915e8108ff9e2ca0dd9c8e39ed822d&ajax_request=true&ajax_page_request=true&menuHashes=64336001-afeb9a6e-a59b1a25-0e8c8da2-21febcc6&_nocache=1527827698223542573 HTTP/1.1" 200 5304
::1 - - [31/May/2018:23:34:58 -0500] "GET /phpmyadmin/index.php?ajax_request=1&recent_table=1&token=f4915e8108ff9e2ca0dd9c8e39ed822d HTTP/1.1" 200 477
::1 - - [31/May/2018:23:35:39 -0500] "POST /phpmyadmin/import.php HTTP/1.1" 200 3751
::1 - - [31/May/2018:23:35:45 -0500] "GET /phpmyadmin/db_structure.php?server=1&db=ejemplos&token=f4915e8108ff9e2ca0dd9c8e39ed822d&ajax_request=true&ajax_page_request=true&menuHashes=59045848-64336001-25afeab7-a59b1a25-21febcc6-0e8c8da2-afeb9a6e&_nocache=1527827745928305956 HTTP/1.1" 200 24062
::1 - - [31/May/2018:23:35:47 -0500] "GET /phpmyadmin/sql.php?db=ejemplos&token=f4915e8108ff9e2ca0dd9c8e39ed822d&goto=db_structure.php&table=atenciones&pos=0&ajax_request=true&ajax_page_request=true&menuHashes=59045848-64336001-25afeab7-a59b1a25-21febcc6-0e8c8da2-afeb9a6e&_nocache=1527827747823920104 HTTP/1.1" 200 26089
::1 - - [31/May/2018:23:35:48 -0500] "GET /phpmyadmin/index.php?ajax_request=1&recent_table=1&token=f4915e8108ff9e2ca0dd9c8e39ed822d HTTP/1.1" 200 477
::1 - - [31/May/2018:23:35:57 -0500] "GET /phpmyadmin/tbl_sql.php?db=ejemplos&table=atenciones&token=f4915e8108ff9e2ca0dd9c8e39ed822d&ajax_request=true&ajax_page_request=true&menuHashes=64336001-afeb9a6e-a59b1a25-0e8c8da2-21febcc6&_nocache=1527827757918373898 HTTP/1.1" 200 5304
::1 - - [31/May/2018:23:35:58 -0500] "GET /phpmyadmin/index.php?ajax_request=1&recent_table=1&token=f4915e8108ff9e2ca0dd9c8e39ed822d HTTP/1.1" 200 477
::1 - - [31/May/2018:23:36:06 -0500] "POST /phpmyadmin/import.php HTTP/1.1" 200 21250
::1 - - [31/May/2018:23:37:38 -0500] "GET /phpmyadmin/tbl_sql.php?db=ejemplos&table=atenciones&token=f4915e8108ff9e2ca0dd9c8e39ed822d&ajax_request=true&ajax_page_request=true&menuHashes=59045848-64336001-25afeab7-a59b1a25-21febcc6-0e8c8da2-afeb9a6e&_nocache=1527827858318588473 HTTP/1.1" 200 5304
::1 - - [31/May/2018:23:37:38 -0500] "GET /phpmyadmin/index.php?ajax_request=1&recent_table=1&token=f4915e8108ff9e2ca0dd9c8e39ed822d HTTP/1.1" 200 477
::1 - - [31/May/2018:23:40:36 -0500] "POST /phpmyadmin/import.php HTTP/1.1" 200 317
::1 - - [31/May/2018:23:40:44 -0500] "POST /phpmyadmin/import.php HTTP/1.1" 200 22131
::1 - - [31/May/2018:23:40:51 -0500] "GET /phpmyadmin/tbl_sql.php?db=ejemplos&table=atenciones&token=f4915e8108ff9e2ca0dd9c8e39ed822d&ajax_request=true&ajax_page_request=true&menuHashes=59045848-64336001-25afeab7-a59b1a25-21febcc6-0e8c8da2-afeb9a6e&_nocache=1527828051719632873 HTTP/1.1" 200 5304
::1 - - [31/May/2018:23:40:51 -0500] "GET /phpmyadmin/index.php?ajax_request=1&recent_table=1&token=f4915e8108ff9e2ca0dd9c8e39ed822d HTTP/1.1" 200 477
::1 - - [31/May/2018:23:41:12 -0500] "GET /phpmyadmin/tbl_sql.php?db=ejemplos&table=atenciones&token=f4915e8108ff9e2ca0dd9c8e39ed822d&ajax_request=true&ajax_page_request=true&menuHashes=64336001-afeb9a6e-a59b1a25-0e8c8da2-21febcc6&_nocache=1527828072078815517 HTTP/1.1" 200 5304
::1 - - [31/May/2018:23:41:12 -0500] "GET /phpmyadmin/index.php?ajax_request=1&recent_table=1&token=f4915e8108ff9e2ca0dd9c8e39ed822d HTTP/1.1" 200 477
::1 - - [31/May/2018:23:41:55 -0500] "POST /phpmyadmin/import.php HTTP/1.1" 200 22723
::1 - - [31/May/2018:23:41:59 -0500] "GET /phpmyadmin/tbl_sql.php?db=ejemplos&table=atenciones&token=f4915e8108ff9e2ca0dd9c8e39ed822d&ajax_request=true&ajax_page_request=true&menuHashes=64336001-afeb9a6e-a59b1a25-0e8c8da2-21febcc6&_nocache=1527828119494275668 HTTP/1.1" 200 5304
::1 - - [31/May/2018:23:41:59 -0500] "GET /phpmyadmin/index.php?ajax_request=1&recent_table=1&token=f4915e8108ff9e2ca0dd9c8e39ed822d HTTP/1.1" 200 477
::1 - - [31/May/2018:23:42:19 -0500] "POST /phpmyadmin/import.php HTTP/1.1" 200 22488
::1 - - [31/May/2018:23:42:31 -0500] "GET /phpmyadmin/sql.php?db=ejemplos&table=atenciones&token=f4915e8108ff9e2ca0dd9c8e39ed822d&pos=0&ajax_request=true&ajax_page_request=true&menuHashes=59045848-64336001-25afeab7-a59b1a25-21febcc6-0e8c8da2-afeb9a6e&_nocache=152782815193865864 HTTP/1.1" 200 26089
::1 - - [31/May/2018:23:42:32 -0500] "GET /phpmyadmin/index.php?ajax_request=1&recent_table=1&token=f4915e8108ff9e2ca0dd9c8e39ed822d HTTP/1.1" 200 477
::1 - - [31/May/2018:23:42:39 -0500] "GET /phpmyadmin/tbl_sql.php?db=ejemplos&table=atenciones&token=f4915e8108ff9e2ca0dd9c8e39ed822d&ajax_request=true&ajax_page_request=true&menuHashes=59045848-64336001-25afeab7-a59b1a25-21febcc6-0e8c8da2-afeb9a6e&_nocache=1527828159915750158 HTTP/1.1" 200 5304
::1 - - [31/May/2018:23:42:40 -0500] "GET /phpmyadmin/index.php?ajax_request=1&recent_table=1&token=f4915e8108ff9e2ca0dd9c8e39ed822d HTTP/1.1" 200 477
::1 - - [31/May/2018:23:42:43 -0500] "GET /phpmyadmin/tbl_sql.php?db=ejemplos&table=atenciones&token=f4915e8108ff9e2ca0dd9c8e39ed822d&ajax_request=true&ajax_page_request=true&menuHashes=64336001-afeb9a6e-a59b1a25-0e8c8da2-21febcc6&_nocache=1527828163927948260 HTTP/1.1" 200 5304
::1 - - [31/May/2018:23:42:44 -0500] "GET /phpmyadmin/index.php?ajax_request=1&recent_table=1&token=f4915e8108ff9e2ca0dd9c8e39ed822d HTTP/1.1" 200 477
::1 - - [31/May/2018:23:42:57 -0500] "POST /phpmyadmin/import.php HTTP/1.1" 200 4298
::1 - - [31/May/2018:23:43:10 -0500] "GET /phpmyadmin/index.php?ajax_request=1&recent_table=1&token=f4915e8108ff9e2ca0dd9c8e39ed822d HTTP/1.1" 200 477
::1 - - [31/May/2018:23:43:13 -0500] "GET /phpmyadmin/tbl_sql.php?db=ejemplos&table=atenciones&token=f4915e8108ff9e2ca0dd9c8e39ed822d&ajax_request=true&ajax_page_request=true&menuHashes=64336001-afeb9a6e-a59b1a25-0e8c8da2-21febcc6&_nocache=1527828193000223653 HTTP/1.1" 200 5304
::1 - - [31/May/2018:23:43:13 -0500] "GET /phpmyadmin/index.php?ajax_request=1&recent_table=1&token=f4915e8108ff9e2ca0dd9c8e39ed822d HTTP/1.1" 200 477
::1 - - [31/May/2018:23:43:42 -0500] "POST /phpmyadmin/import.php HTTP/1.1" 200 28169
::1 - - [31/May/2018:23:59:52 -0500] "GET /ComedorUniversitarioFINAL/index.php HTTP/1.1" 200 2498
::1 - - [31/May/2018:23:59:56 -0500] "GET /ComedorUniversitarioFINAL/index.php/comesales/nuevo HTTP/1.1" 200 4186
::1 - - [01/Jun/2018:00:00:02 -0500] "GET /ComedorUniversitarioFINAL/index.php/comesales HTTP/1.1" 200 4674
::1 - - [01/Jun/2018:00:00:05 -0500] "GET /ComedorUniversitarioFINAL/index.php/comesales/editar/6/ HTTP/1.1" 200 4256
::1 - - [01/Jun/2018:00:02:53 -0500] "GET /ComedorUniversitarioFINAL/index.php/usuarios HTTP/1.1" 200 5706
::1 - - [01/Jun/2018:00:02:54 -0500] "GET /ComedorUniversitarioFINAL/index.php/comesales/nuevo HTTP/1.1" 200 4186
::1 - - [01/Jun/2018:00:02:58 -0500] "GET /ComedorUniversitarioFINAL/index.php/usuarios HTTP/1.1" 200 5706
::1 - - [01/Jun/2018:00:03:01 -0500] "GET /ComedorUniversitarioFINAL/index.php/usuarios/editar/1/ HTTP/1.1" 200 4173
::1 - - [01/Jun/2018:00:07:10 -0500] "GET /ComedorUniversitarioFINAL/index.php/control/nuevo HTTP/1.1" 200 4260
::1 - - [01/Jun/2018:00:07:28 -0500] "GET /phpmyadmin/db_structure.php?server=1&db=bdcomedor&token=f4915e8108ff9e2ca0dd9c8e39ed822d&ajax_request=true&ajax_page_request=true&menuHashes=e9a2d815-0e8c8da2-088755dc&_nocache=1527829648084600014 HTTP/1.1" 200 21631
::1 - - [01/Jun/2018:00:07:31 -0500] "GET /phpmyadmin/sql.php?db=bdcomedor&token=f4915e8108ff9e2ca0dd9c8e39ed822d&goto=db_structure.php&table=menu_sistema&pos=0&ajax_request=true&ajax_page_request=true&menuHashes=e9a2d815-0e8c8da2-088755dc-55268f91&_nocache=1527829651627545216 HTTP/1.1" 200 33926
::1 - - [01/Jun/2018:00:07:31 -0500] "GET /phpmyadmin/index.php?ajax_request=1&recent_table=1&token=f4915e8108ff9e2ca0dd9c8e39ed822d HTTP/1.1" 200 613
::1 - - [01/Jun/2018:00:07:48 -0500] "GET /ComedorUniversitarioFINAL/index.php/atenciones HTTP/1.1" 200 4362
::1 - - [01/Jun/2018:00:08:35 -0500] "GET /ComedorUniversitarioFINAL/index.php/control/nuevo HTTP/1.1" 200 4260
::1 - - [01/Jun/2018:00:09:07 -0500] "GET /phpmyadmin/tbl_change.php?db=bdcomedor&table=menu_sistema&token=f4915e8108ff9e2ca0dd9c8e39ed822d&ajax_request=true&ajax_page_request=true&menuHashes=e9a2d815-0e8c8da2-088755dc-55268f91-43725a8a&_nocache=1527829747256607665 HTTP/1.1" 200 53543
::1 - - [01/Jun/2018:00:09:07 -0500] "GET /phpmyadmin/index.php?ajax_request=1&recent_table=1&token=f4915e8108ff9e2ca0dd9c8e39ed822d HTTP/1.1" 200 613
::1 - - [01/Jun/2018:00:09:33 -0500] "GET /phpmyadmin/sql.php?db=bdcomedor&table=menu_sistema&token=f4915e8108ff9e2ca0dd9c8e39ed822d&pos=0 HTTP/1.1" 200 41084
::1 - - [01/Jun/2018:00:09:34 -0500] "GET /phpmyadmin/js/messages.php?lang=es&db=bdcomedor&server=0&token=f4915e8108ff9e2ca0dd9c8e39ed822d HTTP/1.1" 200 18333
::1 - - [01/Jun/2018:00:09:34 -0500] "GET /phpmyadmin/js/get_scripts.js.php?scripts[]=jquery/jquery-1.8.3.js&scripts[]=ajax.js&scripts[]=keyhandler.js&scripts[]=jquery/jquery-ui-1.9.2.custom.js&scripts[]=jquery/jquery.sprintf.js&scripts[]=jquery/jquery.cookie.js&scripts[]=jquery/jquery.mousewheel.js&scripts[]=jquery/jquery.event.drag-2.2.js&scripts[]=jquery/jquery-ui-timepicker-addon.js&scripts[]=jquery/jquery.ba-hashchange-1.3.js&scripts[]=jquery/jquery.debounce-1.0.5.js&scripts[]=jquery/jquery.menuResizer-1.0.js&scripts[]=rte.js&scripts[]=functions.js&scripts[]=navigation.js&scripts[]=indexes.js&scripts[]=common.js&scripts[]=tbl_change.js&scripts[]=tbl_structure.js&scripts[]=gis_data_editor.js&scripts[]=makegrid.js&scripts[]=sql.js&scripts[]=codemirror/lib/codemirror.js&scripts[]=codemirror/mode/mysql/mysql.js HTTP/1.1" 200 635864
::1 - - [01/Jun/2018:00:09:35 -0500] "GET /phpmyadmin/index.php?ajax_request=1&recent_table=1&token=f4915e8108ff9e2ca0dd9c8e39ed822d HTTP/1.1" 200 613
::1 - - [01/Jun/2018:00:10:12 -0500] "POST /phpmyadmin/tbl_replace.php HTTP/1.1" 200 13749
::1 - - [01/Jun/2018:00:10:12 -0500] "GET /phpmyadmin/index.php?ajax_request=1&recent_table=1&token=f4915e8108ff9e2ca0dd9c8e39ed822d HTTP/1.1" 200 613
::1 - - [01/Jun/2018:00:10:16 -0500] "POST /phpmyadmin/import.php HTTP/1.1" 200 4700
::1 - - [01/Jun/2018:00:10:19 -0500] "GET /phpmyadmin/sql.php?db=bdcomedor&table=menu_sistema&token=f4915e8108ff9e2ca0dd9c8e39ed822d&pos=0&ajax_request=true&ajax_page_request=true&menuHashes=e9a2d815-0e8c8da2-088755dc-55268f91-43725a8a-746b808a-b33627ad&_nocache=1527829819043708649 HTTP/1.1" 200 36091
::1 - - [01/Jun/2018:00:10:19 -0500] "GET /phpmyadmin/index.php?ajax_request=1&recent_table=1&token=f4915e8108ff9e2ca0dd9c8e39ed822d HTTP/1.1" 200 613
::1 - - [01/Jun/2018:00:10:30 -0500] "POST /phpmyadmin/tbl_row_action.php HTTP/1.1" 200 13471
::1 - - [01/Jun/2018:00:10:30 -0500] "GET /phpmyadmin/js/get_scripts.js.php?scripts[]=jquery/jquery-1.8.3.js&scripts[]=ajax.js&scripts[]=keyhandler.js&scripts[]=jquery/jquery-ui-1.9.2.custom.js&scripts[]=jquery/jquery.sprintf.js&scripts[]=jquery/jquery.cookie.js&scripts[]=jquery/jquery.mousewheel.js&scripts[]=jquery/jquery.event.drag-2.2.js&scripts[]=jquery/jquery-ui-timepicker-addon.js&scripts[]=jquery/jquery.ba-hashchange-1.3.js&scripts[]=jquery/jquery.debounce-1.0.5.js&scripts[]=jquery/jquery.menuResizer-1.0.js&scripts[]=rte.js&scripts[]=functions.js&scripts[]=navigation.js&scripts[]=indexes.js&scripts[]=common.js&scripts[]=codemirror/lib/codemirror.js&scripts[]=codemirror/mode/mysql/mysql.js HTTP/1.1" 200 578562
::1 - - [01/Jun/2018:00:10:30 -0500] "GET /phpmyadmin/index.php?ajax_request=1&recent_table=1&token=f4915e8108ff9e2ca0dd9c8e39ed822d HTTP/1.1" 200 613
::1 - - [01/Jun/2018:00:10:33 -0500] "POST /phpmyadmin/tbl_row_action.php HTTP/1.1" 200 39498
::1 - - [01/Jun/2018:00:10:33 -0500] "GET /phpmyadmin/js/get_scripts.js.php?scripts[]=tbl_change.js&scripts[]=tbl_structure.js&scripts[]=gis_data_editor.js&scripts[]=makegrid.js&scripts[]=sql.js HTTP/1.1" 200 57302
::1 - - [01/Jun/2018:00:10:33 -0500] "GET /phpmyadmin/index.php?ajax_request=1&recent_table=1&token=f4915e8108ff9e2ca0dd9c8e39ed822d HTTP/1.1" 200 613
::1 - - [01/Jun/2018:00:10:49 -0500] "GET /phpmyadmin/db_structure.php?server=1&db=bdcomedor&token=f4915e8108ff9e2ca0dd9c8e39ed822d&ajax_request=true&ajax_page_request=true&menuHashes=43725a8a&_nocache=1527829849532125366 HTTP/1.1" 200 21631
::1 - - [01/Jun/2018:00:10:51 -0500] "GET /phpmyadmin/sql.php?db=bdcomedor&token=f4915e8108ff9e2ca0dd9c8e39ed822d&goto=db_structure.php&table=permisosmenu&pos=0&ajax_request=true&ajax_page_request=true&menuHashes=43725a8a-55268f91&_nocache=1527829851868470693 HTTP/1.1" 200 40146
::1 - - [01/Jun/2018:00:10:52 -0500] "GET /phpmyadmin/index.php?ajax_request=1&recent_table=1&token=f4915e8108ff9e2ca0dd9c8e39ed822d HTTP/1.1" 200 749
::1 - - [01/Jun/2018:00:11:00 -0500] "GET /phpmyadmin/db_structure.php?server=1&db=ejemplos&token=f4915e8108ff9e2ca0dd9c8e39ed822d&ajax_request=true&ajax_page_request=true&menuHashes=43725a8a-55268f91-48971b06&_nocache=1527829860042816334 HTTP/1.1" 200 27236
::1 - - [01/Jun/2018:00:11:04 -0500] "GET /phpmyadmin/sql.php?db=ejemplos&token=f4915e8108ff9e2ca0dd9c8e39ed822d&goto=db_structure.php&table=menu_sistema&pos=0&ajax_request=true&ajax_page_request=true&menuHashes=43725a8a-55268f91-48971b06-0e8c8da2&_nocache=1527829864489342770 HTTP/1.1" 200 44480
::1 - - [01/Jun/2018:00:11:04 -0500] "GET /phpmyadmin/index.php?ajax_request=1&recent_table=1&token=f4915e8108ff9e2ca0dd9c8e39ed822d HTTP/1.1" 200 883
::1 - - [01/Jun/2018:00:11:18 -0500] "GET /phpmyadmin/db_structure.php?server=1&db=ejemplos&token=f4915e8108ff9e2ca0dd9c8e39ed822d&ajax_request=true&ajax_page_request=true&menuHashes=43725a8a-55268f91-48971b06-0e8c8da2-7db0161e&_nocache=1527829878155780575 HTTP/1.1" 200 24062
::1 - - [01/Jun/2018:00:11:20 -0500] "GET /phpmyadmin/sql.php?db=ejemplos&token=f4915e8108ff9e2ca0dd9c8e39ed822d&goto=db_structure.php&table=menu_sistema&pos=0&ajax_request=true&ajax_page_request=true&menuHashes=43725a8a-55268f91-48971b06-0e8c8da2-7db0161e&_nocache=1527829880971894444 HTTP/1.1" 200 41338
::1 - - [01/Jun/2018:00:11:21 -0500] "GET /phpmyadmin/index.php?ajax_request=1&recent_table=1&token=f4915e8108ff9e2ca0dd9c8e39ed822d HTTP/1.1" 200 883
::1 - - [01/Jun/2018:00:11:25 -0500] "GET /phpmyadmin/db_structure.php?server=1&db=bdcomedor&token=f4915e8108ff9e2ca0dd9c8e39ed822d&ajax_request=true&ajax_page_request=true&menuHashes=43725a8a-55268f91-48971b06-0e8c8da2-7db0161e&_nocache=1527829885489103276 HTTP/1.1" 200 18443
::1 - - [01/Jun/2018:00:11:30 -0500] "GET /phpmyadmin/sql.php?db=bdcomedor&token=f4915e8108ff9e2ca0dd9c8e39ed822d&goto=db_structure.php&table=menu_sistema&pos=0&ajax_request=true&ajax_page_request=true&menuHashes=43725a8a-55268f91-48971b06-0e8c8da2-7db0161e&_nocache=1527829890257495810 HTTP/1.1" 200 33432
::1 - - [01/Jun/2018:00:11:30 -0500] "GET /phpmyadmin/index.php?ajax_request=1&recent_table=1&token=f4915e8108ff9e2ca0dd9c8e39ed822d HTTP/1.1" 200 883
::1 - - [01/Jun/2018:00:11:35 -0500] "GET /phpmyadmin/db_structure.php?server=1&db=ejemplos&token=f4915e8108ff9e2ca0dd9c8e39ed822d&ajax_request=true&ajax_page_request=true&menuHashes=43725a8a-55268f91-48971b06-0e8c8da2-7db0161e&_nocache=1527829895474122018 HTTP/1.1" 200 24062
::1 - - [01/Jun/2018:00:11:40 -0500] "GET /phpmyadmin/sql.php?db=ejemplos&token=f4915e8108ff9e2ca0dd9c8e39ed822d&goto=db_structure.php&table=menu_sistema&pos=0&ajax_request=true&ajax_page_request=true&menuHashes=43725a8a-55268f91-48971b06-0e8c8da2-7db0161e&_nocache=15278299009136093 HTTP/1.1" 200 41338
::1 - - [01/Jun/2018:00:11:41 -0500] "GET /phpmyadmin/index.php?ajax_request=1&recent_table=1&token=f4915e8108ff9e2ca0dd9c8e39ed822d HTTP/1.1" 200 883
::1 - - [01/Jun/2018:00:12:00 -0500] "POST /phpmyadmin/tbl_replace.php HTTP/1.1" 200 3414
::1 - - [01/Jun/2018:00:12:11 -0500] "POST /phpmyadmin/tbl_replace.php HTTP/1.1" 200 3388
::1 - - [01/Jun/2018:00:12:34 -0500] "GET /ComedorUniversitarioFINAL/index.php/usuarios HTTP/1.1" 200 5706
::1 - - [01/Jun/2018:00:12:43 -0500] "GET /ComedorUniversitarioFINAL/index.php/usuarios/permisos/1 HTTP/1.1" 200 5154
::1 - - [01/Jun/2018:00:12:52 -0500] "POST /ComedorUniversitarioFINAL/index.php/usuarios/permisos/1 HTTP/1.1" 302 -
::1 - - [01/Jun/2018:00:12:53 -0500] "GET /ComedorUniversitarioFINAL/index.php/usuarios?permisos=true HTTP/1.1" 200 5924
::1 - - [01/Jun/2018:00:13:02 -0500] "GET /ComedorUniversitarioFINAL/index.php/atenciones HTTP/1.1" 200 4486
::1 - - [01/Jun/2018:00:13:17 -0500] "GET /ComedorUniversitarioFINAL/index.php/atenciones/editar/9/ HTTP/1.1" 200 4382
::1 - - [01/Jun/2018:00:16:58 -0500] "GET /ComedorUniversitarioFINAL/index.php/usuarios HTTP/1.1" 200 5830
::1 - - [01/Jun/2018:00:17:03 -0500] "GET /ComedorUniversitarioFINAL/index.php/usuarios/editar/1/ HTTP/1.1" 200 4297
::1 - - [01/Jun/2018:00:23:14 -0500] "GET /ComedorUniversitarioFINAL/index.php/atenciones HTTP/1.1" 200 4486
::1 - - [01/Jun/2018:00:23:18 -0500] "GET /ComedorUniversitarioFINAL/index.php/atenciones/editar/9/ HTTP/1.1" 200 4382
::1 - - [01/Jun/2018:00:24:31 -0500] "GET /ComedorUniversitarioFINAL/index.php/atenciones/editar/9/ HTTP/1.1" 200 4382
::1 - - [01/Jun/2018:00:24:38 -0500] "GET /ComedorUniversitarioFINAL/index.php/atenciones HTTP/1.1" 200 4486
::1 - - [01/Jun/2018:00:24:40 -0500] "GET /ComedorUniversitarioFINAL/index.php/atenciones/editar/9/ HTTP/1.1" 200 4382
::1 - - [01/Jun/2018:00:26:43 -0500] "GET /ComedorUniversitarioFINAL/index.php/atenciones/editar/9/ HTTP/1.1" 200 4386
::1 - - [01/Jun/2018:00:26:46 -0500] "GET /ComedorUniversitarioFINAL/index.php/atenciones/editar/9/ HTTP/1.1" 200 4386
::1 - - [01/Jun/2018:00:26:48 -0500] "GET /ComedorUniversitarioFINAL/index.php/atenciones HTTP/1.1" 200 4486
::1 - - [01/Jun/2018:00:26:50 -0500] "GET /ComedorUniversitarioFINAL/index.php/atenciones/editar/9/ HTTP/1.1" 200 4386
::1 - - [01/Jun/2018:00:27:10 -0500] "GET /ComedorUniversitarioFINAL/index.php/atenciones HTTP/1.1" 200 4486
::1 - - [01/Jun/2018:00:27:11 -0500] "GET /ComedorUniversitarioFINAL/index.php/atenciones/editar/9/ HTTP/1.1" 500 1191
::1 - - [01/Jun/2018:00:27:49 -0500] "GET /ComedorUniversitarioFINAL/index.php/atenciones/editar/9/ HTTP/1.1" 200 4404
::1 - - [01/Jun/2018:00:31:05 -0500] "GET /ComedorUniversitarioFINAL/index.php/atenciones/editar/9/ HTTP/1.1" 200 4415
::1 - - [01/Jun/2018:00:32:00 -0500] "GET /ComedorUniversitarioFINAL/index.php/comesales HTTP/1.1" 200 4798
::1 - - [01/Jun/2018:00:32:04 -0500] "GET /ComedorUniversitarioFINAL/index.php/atenciones HTTP/1.1" 200 4486
::1 - - [01/Jun/2018:00:32:10 -0500] "GET /ComedorUniversitarioFINAL/index.php/atenciones/editar/9/ HTTP/1.1" 200 4415
::1 - - [01/Jun/2018:00:33:20 -0500] "GET /ComedorUniversitarioFINAL/index.php/atenciones/editar/9/ HTTP/1.1" 200 4435
::1 - - [01/Jun/2018:00:34:01 -0500] "GET /ComedorUniversitarioFINAL/index.php/atenciones/editar/9/ HTTP/1.1" 200 4495
::1 - - [01/Jun/2018:00:34:16 -0500] "GET /ComedorUniversitarioFINAL/index.php/atenciones HTTP/1.1" 200 4486
::1 - - [01/Jun/2018:00:34:30 -0500] "GET /phpmyadmin/db_structure.php?server=1&db=ejemplos&token=f4915e8108ff9e2ca0dd9c8e39ed822d&ajax_request=true&ajax_page_request=true&menuHashes=64336001-afeb9a6e-a59b1a25-0e8c8da2-21febcc6&_nocache=1527831270860665500 HTTP/1.1" 200 24062
::1 - - [01/Jun/2018:00:34:33 -0500] "GET /phpmyadmin/sql.php?db=ejemplos&token=f4915e8108ff9e2ca0dd9c8e39ed822d&goto=db_structure.php&table=comesales&pos=0&ajax_request=true&ajax_page_request=true&menuHashes=64336001-afeb9a6e-a59b1a25-0e8c8da2-21febcc6&_nocache=1527831273603766125 HTTP/1.1" 200 31004
::1 - - [01/Jun/2018:00:34:33 -0500] "GET /phpmyadmin/index.php?ajax_request=1&recent_table=1&token=f4915e8108ff9e2ca0dd9c8e39ed822d HTTP/1.1" 200 883
::1 - - [01/Jun/2018:00:35:29 -0500] "GET /ComedorUniversitarioFINAL/index.php/comesales HTTP/1.1" 200 4798
::1 - - [01/Jun/2018:00:35:35 -0500] "GET /ComedorUniversitarioFINAL/index.php/atenciones HTTP/1.1" 200 4486
::1 - - [01/Jun/2018:00:35:37 -0500] "GET /ComedorUniversitarioFINAL/index.php/atenciones/editar/9/ HTTP/1.1" 200 4495
::1 - - [01/Jun/2018:00:36:16 -0500] "GET /ComedorUniversitarioFINAL/index.php/atenciones/editar/9/ HTTP/1.1" 200 238
::1 - - [01/Jun/2018:00:36:20 -0500] "GET /ComedorUniversitarioFINAL/index.php/atenciones HTTP/1.1" 200 4486
::1 - - [01/Jun/2018:00:36:21 -0500] "GET /ComedorUniversitarioFINAL/index.php/atenciones/editar/9/ HTTP/1.1" 200 238
::1 - - [01/Jun/2018:00:37:01 -0500] "GET /ComedorUniversitarioFINAL/index.php/atenciones/editar/9/ HTTP/1.1" 200 221
::1 - - [01/Jun/2018:00:37:02 -0500] "GET /ComedorUniversitarioFINAL/index.php/atenciones/editar/9/ HTTP/1.1" 200 221
::1 - - [01/Jun/2018:00:37:53 -0500] "GET /ComedorUniversitarioFINAL/index.php/atenciones/editar/9/ HTTP/1.1" 200 221
::1 - - [01/Jun/2018:00:37:55 -0500] "GET /ComedorUniversitarioFINAL/index.php/atenciones/editar/9/ HTTP/1.1" 200 221
::1 - - [01/Jun/2018:00:38:06 -0500] "GET /ComedorUniversitarioFINAL/index.php/atenciones HTTP/1.1" 200 4486
::1 - - [01/Jun/2018:00:38:08 -0500] "GET /ComedorUniversitarioFINAL/index.php/atenciones/editar/9/ HTTP/1.1" 200 4495
::1 - - [01/Jun/2018:00:39:59 -0500] "GET /ComedorUniversitarioFINAL/index.php/atenciones/editar/9/ HTTP/1.1" 200 4724
::1 - - [01/Jun/2018:00:44:51 -0500] "GET /ComedorUniversitarioFINAL/index.php/atenciones/editar/9/ HTTP/1.1" 200 4724
::1 - - [01/Jun/2018:00:44:53 -0500] "GET /ComedorUniversitarioFINAL/index.php/atenciones HTTP/1.1" 200 4486
::1 - - [01/Jun/2018:00:44:55 -0500] "GET /ComedorUniversitarioFINAL/index.php/atenciones HTTP/1.1" 200 4486
::1 - - [01/Jun/2018:00:44:56 -0500] "GET /ComedorUniversitarioFINAL/index.php/atenciones/editar/9/ HTTP/1.1" 200 4724
::1 - - [01/Jun/2018:00:47:00 -0500] "GET /ComedorUniversitarioFINAL/index.php/atenciones HTTP/1.1" 200 4486
::1 - - [01/Jun/2018:00:47:01 -0500] "GET /ComedorUniversitarioFINAL/index.php/atenciones/editar/9/ HTTP/1.1" 200 4650
::1 - - [01/Jun/2018:00:47:28 -0500] "GET /ComedorUniversitarioFINAL/index.php/atenciones/editar/9/ HTTP/1.1" 200 216
::1 - - [01/Jun/2018:00:47:32 -0500] "GET /ComedorUniversitarioFINAL/index.php/atenciones/editar/9/ HTTP/1.1" 200 216
::1 - - [01/Jun/2018:00:47:44 -0500] "GET /ComedorUniversitarioFINAL/index.php/atenciones/editar/8/ HTTP/1.1" 200 201
::1 - - [01/Jun/2018:00:48:25 -0500] "GET /ComedorUniversitarioFINAL/index.php/atenciones/editar/9/ HTTP/1.1" 200 4650
::1 - - [01/Jun/2018:00:48:40 -0500] "GET /ComedorUniversitarioFINAL/index.php/atenciones/editar/9/ HTTP/1.1" 200 4650
::1 - - [01/Jun/2018:00:48:43 -0500] "GET /ComedorUniversitarioFINAL/index.php/atenciones HTTP/1.1" 200 4486
::1 - - [01/Jun/2018:00:48:45 -0500] "GET /ComedorUniversitarioFINAL/index.php/atenciones/editar/8/ HTTP/1.1" 200 4622
::1 - - [01/Jun/2018:00:49:17 -0500] "GET /ComedorUniversitarioFINAL/index.php/atenciones/editar/8/ HTTP/1.1" 200 201
::1 - - [01/Jun/2018:00:49:29 -0500] "GET /ComedorUniversitarioFINAL/index.php/atenciones HTTP/1.1" 200 4486
::1 - - [01/Jun/2018:00:49:29 -0500] "GET /ComedorUniversitarioFINAL/index.php/atenciones/editar/9/ HTTP/1.1" 200 4660
::1 - - [01/Jun/2018:00:49:55 -0500] "GET /ComedorUniversitarioFINAL/index.php/atenciones/editar/9/ HTTP/1.1" 200 213
::1 - - [01/Jun/2018:00:50:00 -0500] "GET /ComedorUniversitarioFINAL/index.php/atenciones/editar/9/ HTTP/1.1" 200 213
::1 - - [01/Jun/2018:00:50:31 -0500] "GET /ComedorUniversitarioFINAL/index.php/atenciones/editar/9/ HTTP/1.1" 200 4904
::1 - - [01/Jun/2018:00:50:52 -0500] "GET /ComedorUniversitarioFINAL/index.php/atenciones/editar/9/ HTTP/1.1" 200 4724
::1 - - [01/Jun/2018:00:50:54 -0500] "GET /ComedorUniversitarioFINAL/index.php/atenciones/editar/9/ HTTP/1.1" 200 4724
::1 - - [01/Jun/2018:00:51:21 -0500] "GET /ComedorUniversitarioFINAL/index.php/atenciones/editar/9/ HTTP/1.1" 200 4724
::1 - - [01/Jun/2018:00:51:23 -0500] "POST /ComedorUniversitarioFINAL/index.php/atenciones/editar/9 HTTP/1.1" 302 -
::1 - - [01/Jun/2018:00:51:23 -0500] "GET /ComedorUniversitarioFINAL/index.php/comesales?update=true HTTP/1.1" 200 4892
::1 - - [01/Jun/2018:00:51:27 -0500] "GET /ComedorUniversitarioFINAL/index.php/atenciones HTTP/1.1" 200 4486
::1 - - [01/Jun/2018:00:51:29 -0500] "GET /ComedorUniversitarioFINAL/index.php/atenciones/editar/9/ HTTP/1.1" 200 4724
::1 - - [01/Jun/2018:00:52:10 -0500] "GET /ComedorUniversitarioFINAL/index.php/atenciones/editar/9/ HTTP/1.1" 200 201
::1 - - [01/Jun/2018:00:52:14 -0500] "GET /ComedorUniversitarioFINAL/index.php/atenciones/editar/9/ HTTP/1.1" 200 201
::1 - - [01/Jun/2018:00:52:39 -0500] "GET /ComedorUniversitarioFINAL/index.php/atenciones/editar/9/ HTTP/1.1" 200 4724
::1 - - [01/Jun/2018:00:52:40 -0500] "GET /ComedorUniversitarioFINAL/index.php/atenciones/editar/9/ HTTP/1.1" 200 4724
::1 - - [01/Jun/2018:00:52:40 -0500] "GET /ComedorUniversitarioFINAL/index.php/atenciones/editar/9/ HTTP/1.1" 200 4724
::1 - - [01/Jun/2018:00:52:40 -0500] "GET /ComedorUniversitarioFINAL/index.php/atenciones/editar/9/ HTTP/1.1" 200 4724
::1 - - [01/Jun/2018:00:52:41 -0500] "GET /ComedorUniversitarioFINAL/index.php/atenciones/editar/9/ HTTP/1.1" 200 4724
::1 - - [01/Jun/2018:00:52:50 -0500] "GET /ComedorUniversitarioFINAL/index.php/atenciones/editar/9/ HTTP/1.1" 200 4724
::1 - - [01/Jun/2018:00:52:51 -0500] "GET /ComedorUniversitarioFINAL/index.php/atenciones/editar/9/ HTTP/1.1" 200 4724
::1 - - [01/Jun/2018:00:52:52 -0500] "GET /ComedorUniversitarioFINAL/index.php/atenciones HTTP/1.1" 200 4486
::1 - - [01/Jun/2018:00:52:53 -0500] "GET /ComedorUniversitarioFINAL/index.php/atenciones/editar/8/ HTTP/1.1" 200 4698
::1 - - [01/Jun/2018:00:53:11 -0500] "GET /ComedorUniversitarioFINAL/index.php/atenciones/editar/8/ HTTP/1.1" 200 4698
::1 - - [01/Jun/2018:00:53:14 -0500] "GET /ComedorUniversitarioFINAL/index.php/atenciones HTTP/1.1" 200 4486
::1 - - [01/Jun/2018:00:53:15 -0500] "GET /ComedorUniversitarioFINAL/index.php/atenciones/editar/8/ HTTP/1.1" 200 4698
::1 - - [01/Jun/2018:00:54:38 -0500] "GET /ComedorUniversitarioFINAL/index.php/atenciones HTTP/1.1" 200 4486
::1 - - [01/Jun/2018:00:54:40 -0500] "GET /ComedorUniversitarioFINAL/index.php/atenciones/editar/8/ HTTP/1.1" 200 4698
::1 - - [01/Jun/2018:00:55:17 -0500] "GET /ComedorUniversitarioFINAL/index.php/atenciones/editar/8/ HTTP/1.1" 200 4893
::1 - - [01/Jun/2018:00:55:34 -0500] "GET /ComedorUniversitarioFINAL/index.php/atenciones HTTP/1.1" 200 4486
::1 - - [01/Jun/2018:00:55:35 -0500] "GET /ComedorUniversitarioFINAL/index.php/atenciones/editar/9/ HTTP/1.1" 200 4699
::1 - - [01/Jun/2018:00:55:54 -0500] "GET /ComedorUniversitarioFINAL/index.php/atenciones/editar/9/ HTTP/1.1" 200 4644
::1 - - [01/Jun/2018:00:55:55 -0500] "GET /ComedorUniversitarioFINAL/index.php/atenciones HTTP/1.1" 200 4486
::1 - - [01/Jun/2018:00:55:59 -0500] "GET /ComedorUniversitarioFINAL/index.php/atenciones/editar/8/ HTTP/1.1" 200 4616
::1 - - [01/Jun/2018:00:56:23 -0500] "GET /ComedorUniversitarioFINAL/index.php/atenciones/editar/8/ HTTP/1.1" 200 4616
::1 - - [01/Jun/2018:00:56:26 -0500] "GET /ComedorUniversitarioFINAL/index.php/atenciones/editar/8/ HTTP/1.1" 200 4616
::1 - - [01/Jun/2018:00:56:28 -0500] "GET /ComedorUniversitarioFINAL/index.php/atenciones HTTP/1.1" 200 4486
::1 - - [01/Jun/2018:00:56:30 -0500] "GET /ComedorUniversitarioFINAL/index.php/atenciones/editar/8/ HTTP/1.1" 200 4616
::1 - - [01/Jun/2018:00:56:41 -0500] "GET /ComedorUniversitarioFINAL/index.php/atenciones/editar/8/ HTTP/1.1" 200 4616
::1 - - [01/Jun/2018:00:56:42 -0500] "POST /ComedorUniversitarioFINAL/index.php/atenciones/editar/8 HTTP/1.1" 500 1540
::1 - - [01/Jun/2018:00:57:14 -0500] "GET /ComedorUniversitarioFINAL/index.php/atenciones HTTP/1.1" 200 4486
::1 - - [01/Jun/2018:00:57:15 -0500] "GET /ComedorUniversitarioFINAL/index.php/atenciones/editar/9/ HTTP/1.1" 200 4644
::1 - - [01/Jun/2018:00:57:20 -0500] "POST /ComedorUniversitarioFINAL/index.php/atenciones/editar/9 HTTP/1.1" 500 1568
::1 - - [01/Jun/2018:00:58:11 -0500] "GET /ComedorUniversitarioFINAL/index.php/atenciones HTTP/1.1" 200 4486
::1 - - [01/Jun/2018:00:58:13 -0500] "GET /ComedorUniversitarioFINAL/index.php/atenciones/editar/9/ HTTP/1.1" 200 4644
::1 - - [01/Jun/2018:00:58:32 -0500] "GET /ComedorUniversitarioFINAL/index.php/atenciones/editar/9/ HTTP/1.1" 200 4649
::1 - - [01/Jun/2018:00:58:36 -0500] "POST /ComedorUniversitarioFINAL/index.php/atenciones/editar/9 HTTP/1.1" 500 1568
::1 - - [01/Jun/2018:00:59:30 -0500] "GET /ComedorUniversitarioFINAL/index.php/atenciones/editar/9/ HTTP/1.1" 200 4571
::1 - - [01/Jun/2018:00:59:32 -0500] "GET /ComedorUniversitarioFINAL/index.php/atenciones HTTP/1.1" 200 4486
::1 - - [01/Jun/2018:00:59:34 -0500] "GET /ComedorUniversitarioFINAL/index.php/atenciones/editar/9/ HTTP/1.1" 200 4571
::1 - - [01/Jun/2018:00:59:38 -0500] "POST /ComedorUniversitarioFINAL/index.php/atenciones/editar/9 HTTP/1.1" 200 4405
::1 - - [01/Jun/2018:01:00:13 -0500] "POST /ComedorUniversitarioFINAL/index.php/atenciones/editar/9 HTTP/1.1" 200 4405
::1 - - [01/Jun/2018:01:00:16 -0500] "POST /ComedorUniversitarioFINAL/index.php/atenciones/editar/9 HTTP/1.1" 200 4405
::1 - - [01/Jun/2018:01:00:17 -0500] "GET /ComedorUniversitarioFINAL/index.php/atenciones HTTP/1.1" 200 4486
::1 - - [01/Jun/2018:01:00:19 -0500] "GET /ComedorUniversitarioFINAL/index.php/atenciones/editar/8/ HTTP/1.1" 200 4554
::1 - - [01/Jun/2018:01:00:21 -0500] "POST /ComedorUniversitarioFINAL/index.php/atenciones/editar/8 HTTP/1.1" 200 4392
::1 - - [01/Jun/2018:01:00:23 -0500] "POST /ComedorUniversitarioFINAL/index.php/atenciones/editar/8 HTTP/1.1" 200 4392
::1 - - [01/Jun/2018:01:00:24 -0500] "POST /ComedorUniversitarioFINAL/index.php/atenciones/editar/8 HTTP/1.1" 200 4392
::1 - - [01/Jun/2018:01:00:24 -0500] "POST /ComedorUniversitarioFINAL/index.php/atenciones/editar/8 HTTP/1.1" 200 4392
::1 - - [01/Jun/2018:01:00:42 -0500] "POST /ComedorUniversitarioFINAL/index.php/atenciones/editar/8 HTTP/1.1" 200 4392
::1 - - [01/Jun/2018:01:00:46 -0500] "GET /ComedorUniversitarioFINAL/index.php/atenciones HTTP/1.1" 200 4486
::1 - - [01/Jun/2018:01:00:47 -0500] "GET /ComedorUniversitarioFINAL/index.php/atenciones/editar/9/ HTTP/1.1" 200 4417
::1 - - [01/Jun/2018:01:00:48 -0500] "POST /ComedorUniversitarioFINAL/index.php/atenciones/editar/9 HTTP/1.1" 200 4405
::1 - - [01/Jun/2018:01:00:54 -0500] "POST /ComedorUniversitarioFINAL/index.php/atenciones/editar/9 HTTP/1.1" 200 4405
::1 - - [01/Jun/2018:01:00:55 -0500] "POST /ComedorUniversitarioFINAL/index.php/atenciones/editar/9 HTTP/1.1" 200 4405
::1 - - [01/Jun/2018:01:00:55 -0500] "POST /ComedorUniversitarioFINAL/index.php/atenciones/editar/9 HTTP/1.1" 200 4405
::1 - - [01/Jun/2018:01:00:56 -0500] "POST /ComedorUniversitarioFINAL/index.php/atenciones/editar/9 HTTP/1.1" 200 4405
::1 - - [01/Jun/2018:01:00:56 -0500] "POST /ComedorUniversitarioFINAL/index.php/atenciones/editar/9 HTTP/1.1" 200 4405
::1 - - [01/Jun/2018:01:00:56 -0500] "POST /ComedorUniversitarioFINAL/index.php/atenciones/editar/9 HTTP/1.1" 200 4405
::1 - - [01/Jun/2018:01:01:14 -0500] "POST /ComedorUniversitarioFINAL/index.php/atenciones/editar/9 HTTP/1.1" 200 4405
::1 - - [01/Jun/2018:01:01:16 -0500] "GET /ComedorUniversitarioFINAL/index.php/atenciones HTTP/1.1" 200 4486
::1 - - [01/Jun/2018:01:01:17 -0500] "GET /ComedorUniversitarioFINAL/index.php/atenciones/editar/9/ HTTP/1.1" 200 4417
::1 - - [01/Jun/2018:01:01:19 -0500] "POST /ComedorUniversitarioFINAL/index.php/atenciones/editar/9 HTTP/1.1" 200 4405
::1 - - [01/Jun/2018:01:01:25 -0500] "POST /ComedorUniversitarioFINAL/index.php/atenciones/editar/9 HTTP/1.1" 200 4405
::1 - - [01/Jun/2018:01:01:54 -0500] "GET /ComedorUniversitarioFINAL/index.php/atenciones HTTP/1.1" 200 4486
::1 - - [01/Jun/2018:01:01:55 -0500] "GET /ComedorUniversitarioFINAL/index.php/atenciones/editar/9/ HTTP/1.1" 200 4640
::1 - - [01/Jun/2018:01:01:56 -0500] "POST /ComedorUniversitarioFINAL/index.php/atenciones/editar/9 HTTP/1.1" 500 1568
::1 - - [01/Jun/2018:01:02:36 -0500] "GET /ComedorUniversitarioFINAL/index.php/atenciones HTTP/1.1" 200 4486
::1 - - [01/Jun/2018:01:02:38 -0500] "GET /ComedorUniversitarioFINAL/index.php/atenciones/editar/9/ HTTP/1.1" 200 201
::1 - - [01/Jun/2018:01:02:57 -0500] "GET /ComedorUniversitarioFINAL/index.php/atenciones HTTP/1.1" 200 4486
::1 - - [01/Jun/2018:01:02:58 -0500] "GET /ComedorUniversitarioFINAL/index.php/atenciones/editar/9/ HTTP/1.1" 200 201
::1 - - [01/Jun/2018:01:03:09 -0500] "GET /ComedorUniversitarioFINAL/index.php/atenciones HTTP/1.1" 200 4486
::1 - - [01/Jun/2018:01:03:10 -0500] "GET /ComedorUniversitarioFINAL/index.php/atenciones/editar/9/ HTTP/1.1" 200 4640
::1 - - [01/Jun/2018:01:03:12 -0500] "POST /ComedorUniversitarioFINAL/index.php/atenciones/editar/9 HTTP/1.1" 500 1568
::1 - - [01/Jun/2018:01:03:38 -0500] "POST /ComedorUniversitarioFINAL/index.php/atenciones/editar/9 HTTP/1.1" 500 1568
::1 - - [01/Jun/2018:01:03:46 -0500] "GET /ComedorUniversitarioFINAL/index.php/atenciones/editar/9/ HTTP/1.1" 200 4562
::1 - - [01/Jun/2018:01:03:47 -0500] "GET /ComedorUniversitarioFINAL/index.php/atenciones/editar/9/ HTTP/1.1" 200 4562
::1 - - [01/Jun/2018:01:03:47 -0500] "GET /ComedorUniversitarioFINAL/index.php/atenciones/editar/9/ HTTP/1.1" 200 4562
::1 - - [01/Jun/2018:01:03:48 -0500] "POST /ComedorUniversitarioFINAL/index.php/atenciones/editar/9 HTTP/1.1" 200 4405
::1 - - [01/Jun/2018:01:03:55 -0500] "POST /ComedorUniversitarioFINAL/index.php/atenciones/editar/9 HTTP/1.1" 200 4405
::1 - - [01/Jun/2018:01:04:00 -0500] "POST /ComedorUniversitarioFINAL/index.php/atenciones/editar/9 HTTP/1.1" 200 4405
::1 - - [01/Jun/2018:01:04:05 -0500] "GET /ComedorUniversitarioFINAL/index.php/atenciones/editar/9/ HTTP/1.1" 200 4562
::1 - - [01/Jun/2018:01:04:44 -0500] "GET /ComedorUniversitarioFINAL/index.php/atenciones/editar/9/ HTTP/1.1" 200 250
::1 - - [01/Jun/2018:01:04:54 -0500] "GET /ComedorUniversitarioFINAL/index.php/atenciones/editar/9/ HTTP/1.1" 200 4572
::1 - - [01/Jun/2018:01:04:56 -0500] "GET /ComedorUniversitarioFINAL/index.php/atenciones/editar/9/ HTTP/1.1" 200 4572
::1 - - [01/Jun/2018:01:04:56 -0500] "GET /ComedorUniversitarioFINAL/index.php/atenciones/editar/9/ HTTP/1.1" 200 4572
::1 - - [01/Jun/2018:01:04:56 -0500] "GET /ComedorUniversitarioFINAL/index.php/atenciones/editar/9/ HTTP/1.1" 200 4572
::1 - - [01/Jun/2018:01:07:56 -0500] "POST /ComedorUniversitarioFINAL/index.php/atenciones/editar/9 HTTP/1.1" 200 4405
::1 - - [01/Jun/2018:01:08:00 -0500] "GET /ComedorUniversitarioFINAL/index.php/atenciones HTTP/1.1" 200 4486
::1 - - [01/Jun/2018:01:08:02 -0500] "GET /ComedorUniversitarioFINAL/index.php/atenciones/editar/9/ HTTP/1.1" 200 4612
::1 - - [01/Jun/2018:01:08:05 -0500] "POST /ComedorUniversitarioFINAL/index.php/clientes/Save HTTP/1.1" 500 1192
::1 - - [01/Jun/2018:01:08:22 -0500] "POST /ComedorUniversitarioFINAL/index.php/clientes/Save HTTP/1.1" 500 1192
